[2019-02-28 14:01:53] DEBUG 134 statementLog - {conn-10010, stmt-20000, rs-50000} query executed. 109.227241 millis. /* ping */ SELECT 1
[2019-02-28 17:27:12] DEBUG 134 statementLog - {conn-10010, pstmt-20000} created. select count(1)
        from robot_detail
        where `rent_status_code` = ?
        and `delete` = 1
        group by `work_type`
[2019-02-28 17:27:12] DEBUG 134 statementLog - {conn-10010, pstmt-20000} Parameters : [1]
[2019-02-28 17:27:12] DEBUG 134 statementLog - {conn-10010, pstmt-20000} Types : [VARCHAR]
[2019-02-28 17:27:12] DEBUG 134 statementLog - {conn-10010, pstmt-20000} executed. 12.095606 millis. select count(1)
        from robot_detail
        where `rent_status_code` = ?
        and `delete` = 1
        group by `work_type`
[2019-02-28 17:27:12] DEBUG 134 statementLog - {conn-10010, pstmt-20000} clearParameters. 
[2019-02-28 17:31:11] DEBUG 134 statementLog - {conn-10010, pstmt-20000} created. select `work_type` as workType, count(1) as amount
        from robot_detail
        where `rent_status_code` = ?
        and `delete` = 1
        group by `work_type`
[2019-02-28 17:31:11] DEBUG 134 statementLog - {conn-10010, pstmt-20000} Parameters : [1]
[2019-02-28 17:31:11] DEBUG 134 statementLog - {conn-10010, pstmt-20000} Types : [VARCHAR]
[2019-02-28 17:31:11] DEBUG 134 statementLog - {conn-10010, pstmt-20000} executed. 19.51415 millis. select `work_type` as workType, count(1) as amount
        from robot_detail
        where `rent_status_code` = ?
        and `delete` = 1
        group by `work_type`
[2019-02-28 17:31:11] DEBUG 134 statementLog - {conn-10010, pstmt-20000} clearParameters. 
[2019-02-28 17:31:58] DEBUG 134 statementLog - {conn-10010, pstmt-20000} created. select `work_type` as workType, count(1) as amount
        from robot_detail
        where `rent_status_code` = ?
        and `delete` = 1
        group by `work_type`
[2019-02-28 17:31:58] DEBUG 134 statementLog - {conn-10010, pstmt-20000} Parameters : [1]
[2019-02-28 17:31:58] DEBUG 134 statementLog - {conn-10010, pstmt-20000} Types : [VARCHAR]
[2019-02-28 17:31:58] DEBUG 134 statementLog - {conn-10010, pstmt-20000} executed. 10.61022 millis. select `work_type` as workType, count(1) as amount
        from robot_detail
        where `rent_status_code` = ?
        and `delete` = 1
        group by `work_type`
[2019-02-28 17:31:58] DEBUG 134 statementLog - {conn-10010, pstmt-20000} clearParameters. 
[2019-02-28 20:10:36] DEBUG 134 statementLog - {conn-10010, pstmt-20000} created. select rd.`work_type` as workType, count(1) as amount
        from exce_robot as er
        inner join robot_detail rd on rd.robot_union_code = er.robot_union_code
        where rd.`rent_status_code` = ?
        and er.`delete` = 1
        group by rd.`work_type`
[2019-02-28 20:10:36] DEBUG 134 statementLog - {conn-10010, pstmt-20000} Parameters : [1]
[2019-02-28 20:10:36] DEBUG 134 statementLog - {conn-10010, pstmt-20000} Types : [VARCHAR]
[2019-02-28 20:10:36] ERROR 149 statementLogError - {conn-10010, pstmt-20000} execute error. select rd.`work_type` as workType, count(1) as amount
        from exce_robot as er
        inner join robot_detail rd on rd.robot_union_code = er.robot_union_code
        where rd.`rent_status_code` = ?
        and er.`delete` = 1
        group by rd.`work_type` java.sql.SQLSyntaxErrorException: Unknown column 'er.delete' in 'where clause'
	at com.mysql.cj.jdbc.exceptions.SQLError.createSQLException(SQLError.java:120) ~[mysql-connector-java-8.0.15.jar:8.0.15]
	at com.mysql.cj.jdbc.exceptions.SQLError.createSQLException(SQLError.java:97) ~[mysql-connector-java-8.0.15.jar:8.0.15]
	at com.mysql.cj.jdbc.exceptions.SQLExceptionsMapping.translateException(SQLExceptionsMapping.java:122) ~[mysql-connector-java-8.0.15.jar:8.0.15]
	at com.mysql.cj.jdbc.ClientPreparedStatement.executeInternal(ClientPreparedStatement.java:970) ~[mysql-connector-java-8.0.15.jar:8.0.15]
	at com.mysql.cj.jdbc.ClientPreparedStatement.execute(ClientPreparedStatement.java:387) ~[mysql-connector-java-8.0.15.jar:8.0.15]
	at com.alibaba.druid.filter.FilterChainImpl.preparedStatement_execute(FilterChainImpl.java:3409) ~[druid-1.1.10.jar:1.1.10]
	at com.alibaba.druid.wall.WallFilter.preparedStatement_execute(WallFilter.java:619) ~[druid-1.1.10.jar:1.1.10]
	at com.alibaba.druid.filter.FilterChainImpl.preparedStatement_execute(FilterChainImpl.java:3407) ~[druid-1.1.10.jar:1.1.10]
	at com.alibaba.druid.filter.FilterEventAdapter.preparedStatement_execute(FilterEventAdapter.java:440) [druid-1.1.10.jar:1.1.10]
	at com.alibaba.druid.filter.FilterChainImpl.preparedStatement_execute(FilterChainImpl.java:3407) [druid-1.1.10.jar:1.1.10]
	at com.alibaba.druid.filter.FilterEventAdapter.preparedStatement_execute(FilterEventAdapter.java:440) [druid-1.1.10.jar:1.1.10]
	at com.alibaba.druid.filter.FilterChainImpl.preparedStatement_execute(FilterChainImpl.java:3407) [druid-1.1.10.jar:1.1.10]
	at com.alibaba.druid.proxy.jdbc.PreparedStatementProxyImpl.execute(PreparedStatementProxyImpl.java:167) [druid-1.1.10.jar:1.1.10]
	at com.alibaba.druid.pool.DruidPooledPreparedStatement.execute(DruidPooledPreparedStatement.java:498) [druid-1.1.10.jar:1.1.10]
	at org.apache.ibatis.executor.statement.PreparedStatementHandler.query(PreparedStatementHandler.java:64) [mybatis-3.5.0.jar:3.5.0]
	at org.apache.ibatis.executor.statement.RoutingStatementHandler.query(RoutingStatementHandler.java:79) [mybatis-3.5.0.jar:3.5.0]
	at org.apache.ibatis.executor.SimpleExecutor.doQuery(SimpleExecutor.java:63) [mybatis-3.5.0.jar:3.5.0]
	at org.apache.ibatis.executor.BaseExecutor.queryFromDatabase(BaseExecutor.java:324) [mybatis-3.5.0.jar:3.5.0]
	at org.apache.ibatis.executor.BaseExecutor.query(BaseExecutor.java:156) [mybatis-3.5.0.jar:3.5.0]
	at org.apache.ibatis.executor.CachingExecutor.query(CachingExecutor.java:109) [mybatis-3.5.0.jar:3.5.0]
	at com.github.pagehelper.PageInterceptor.intercept(PageInterceptor.java:108) [pagehelper-5.1.8.jar:?]
	at org.apache.ibatis.plugin.Plugin.invoke(Plugin.java:61) [mybatis-3.5.0.jar:3.5.0]
	at com.sun.proxy.$Proxy218.query(Unknown Source) [?:?]
	at org.apache.ibatis.session.defaults.DefaultSqlSession.selectList(DefaultSqlSession.java:148) [mybatis-3.5.0.jar:3.5.0]
	at org.apache.ibatis.session.defaults.DefaultSqlSession.selectMap(DefaultSqlSession.java:99) [mybatis-3.5.0.jar:3.5.0]
	at org.apache.ibatis.session.defaults.DefaultSqlSession.selectMap(DefaultSqlSession.java:94) [mybatis-3.5.0.jar:3.5.0]
	at sun.reflect.NativeMethodAccessorImpl.invoke0(Native Method) ~[?:1.8.0_171]
	at sun.reflect.NativeMethodAccessorImpl.invoke(NativeMethodAccessorImpl.java:62) ~[?:1.8.0_171]
	at sun.reflect.DelegatingMethodAccessorImpl.invoke(DelegatingMethodAccessorImpl.java:43) ~[?:1.8.0_171]
	at java.lang.reflect.Method.invoke(Method.java:498) ~[?:1.8.0_171]
	at org.mybatis.spring.SqlSessionTemplate$SqlSessionInterceptor.invoke(SqlSessionTemplate.java:433) [mybatis-spring-2.0.0.jar:2.0.0]
	at com.sun.proxy.$Proxy123.selectMap(Unknown Source) [?:?]
	at org.mybatis.spring.SqlSessionTemplate.selectMap(SqlSessionTemplate.java:182) [mybatis-spring-2.0.0.jar:2.0.0]
	at org.apache.ibatis.binding.MapperMethod.executeForMap(MapperMethod.java:197) [mybatis-3.5.0.jar:3.5.0]
	at org.apache.ibatis.binding.MapperMethod.execute(MapperMethod.java:79) [mybatis-3.5.0.jar:3.5.0]
	at org.apache.ibatis.binding.MapperProxy.invoke(MapperProxy.java:58) [mybatis-3.5.0.jar:3.5.0]
	at com.sun.proxy.$Proxy160.queryExceRobotAmountByWorkType(Unknown Source) [?:?]
	at sun.reflect.NativeMethodAccessorImpl.invoke0(Native Method) ~[?:1.8.0_171]
	at sun.reflect.NativeMethodAccessorImpl.invoke(NativeMethodAccessorImpl.java:62) ~[?:1.8.0_171]
	at sun.reflect.DelegatingMethodAccessorImpl.invoke(DelegatingMethodAccessorImpl.java:43) ~[?:1.8.0_171]
	at java.lang.reflect.Method.invoke(Method.java:498) ~[?:1.8.0_171]
	at org.springframework.aop.support.AopUtils.invokeJoinpointUsingReflection(AopUtils.java:343) [spring-aop-5.1.5.RELEASE.jar:5.1.5.RELEASE]
	at org.springframework.aop.framework.ReflectiveMethodInvocation.invokeJoinpoint(ReflectiveMethodInvocation.java:198) [spring-aop-5.1.5.RELEASE.jar:5.1.5.RELEASE]
	at org.springframework.aop.framework.ReflectiveMethodInvocation.proceed(ReflectiveMethodInvocation.java:163) [spring-aop-5.1.5.RELEASE.jar:5.1.5.RELEASE]
	at com.alibaba.druid.support.spring.stat.DruidStatInterceptor.invoke(DruidStatInterceptor.java:72) [druid-1.1.10.jar:1.1.10]
	at org.springframework.aop.framework.ReflectiveMethodInvocation.proceed(ReflectiveMethodInvocation.java:186) [spring-aop-5.1.5.RELEASE.jar:5.1.5.RELEASE]
	at org.springframework.aop.framework.JdkDynamicAopProxy.invoke(JdkDynamicAopProxy.java:212) [spring-aop-5.1.5.RELEASE.jar:5.1.5.RELEASE]
	at com.sun.proxy.$Proxy161.queryExceRobotAmountByWorkType(Unknown Source) [?:?]
	at sun.reflect.NativeMethodAccessorImpl.invoke0(Native Method) ~[?:1.8.0_171]
	at sun.reflect.NativeMethodAccessorImpl.invoke(NativeMethodAccessorImpl.java:62) ~[?:1.8.0_171]
	at sun.reflect.DelegatingMethodAccessorImpl.invoke(DelegatingMethodAccessorImpl.java:43) ~[?:1.8.0_171]
	at java.lang.reflect.Method.invoke(Method.java:498) ~[?:1.8.0_171]
	at org.springframework.aop.support.AopUtils.invokeJoinpointUsingReflection(AopUtils.java:343) [spring-aop-5.1.5.RELEASE.jar:5.1.5.RELEASE]
	at org.springframework.aop.framework.ReflectiveMethodInvocation.invokeJoinpoint(ReflectiveMethodInvocation.java:198) [spring-aop-5.1.5.RELEASE.jar:5.1.5.RELEASE]
	at org.springframework.aop.framework.ReflectiveMethodInvocation.proceed(ReflectiveMethodInvocation.java:163) [spring-aop-5.1.5.RELEASE.jar:5.1.5.RELEASE]
	at com.alibaba.druid.support.spring.stat.DruidStatInterceptor.invoke(DruidStatInterceptor.java:72) [druid-1.1.10.jar:1.1.10]
	at org.springframework.aop.framework.ReflectiveMethodInvocation.proceed(ReflectiveMethodInvocation.java:186) [spring-aop-5.1.5.RELEASE.jar:5.1.5.RELEASE]
	at org.springframework.aop.framework.JdkDynamicAopProxy.invoke(JdkDynamicAopProxy.java:212) [spring-aop-5.1.5.RELEASE.jar:5.1.5.RELEASE]
	at com.sun.proxy.$Proxy161.queryExceRobotAmountByWorkType(Unknown Source) [?:?]
	at com.atmatrix.abr.infrastructure.dao.ExceRobotMapperTest.queryExceRobotAmountByWorkType(ExceRobotMapperTest.java:20) [test-classes/:?]
	at sun.reflect.NativeMethodAccessorImpl.invoke0(Native Method) ~[?:1.8.0_171]
	at sun.reflect.NativeMethodAccessorImpl.invoke(NativeMethodAccessorImpl.java:62) ~[?:1.8.0_171]
	at sun.reflect.DelegatingMethodAccessorImpl.invoke(DelegatingMethodAccessorImpl.java:43) ~[?:1.8.0_171]
	at java.lang.reflect.Method.invoke(Method.java:498) ~[?:1.8.0_171]
	at org.junit.runners.model.FrameworkMethod$1.runReflectiveCall(FrameworkMethod.java:50) [junit-4.12.jar:4.12]
	at org.junit.internal.runners.model.ReflectiveCallable.run(ReflectiveCallable.java:12) [junit-4.12.jar:4.12]
	at org.junit.runners.model.FrameworkMethod.invokeExplosively(FrameworkMethod.java:47) [junit-4.12.jar:4.12]
	at org.junit.internal.runners.statements.InvokeMethod.evaluate(InvokeMethod.java:17) [junit-4.12.jar:4.12]
	at org.springframework.test.context.junit4.statements.RunBeforeTestExecutionCallbacks.evaluate(RunBeforeTestExecutionCallbacks.java:74) [spring-test-5.1.5.RELEASE.jar:5.1.5.RELEASE]
	at org.springframework.test.context.junit4.statements.RunAfterTestExecutionCallbacks.evaluate(RunAfterTestExecutionCallbacks.java:84) [spring-test-5.1.5.RELEASE.jar:5.1.5.RELEASE]
	at org.springframework.test.context.junit4.statements.RunBeforeTestMethodCallbacks.evaluate(RunBeforeTestMethodCallbacks.java:75) [spring-test-5.1.5.RELEASE.jar:5.1.5.RELEASE]
	at org.springframework.test.context.junit4.statements.RunAfterTestMethodCallbacks.evaluate(RunAfterTestMethodCallbacks.java:86) [spring-test-5.1.5.RELEASE.jar:5.1.5.RELEASE]
	at org.springframework.test.context.junit4.statements.SpringRepeat.evaluate(SpringRepeat.java:84) [spring-test-5.1.5.RELEASE.jar:5.1.5.RELEASE]
	at org.junit.runners.ParentRunner.runLeaf(ParentRunner.java:325) [junit-4.12.jar:4.12]
	at org.springframework.test.context.junit4.SpringJUnit4ClassRunner.runChild(SpringJUnit4ClassRunner.java:251) [spring-test-5.1.5.RELEASE.jar:5.1.5.RELEASE]
	at org.springframework.test.context.junit4.SpringJUnit4ClassRunner.runChild(SpringJUnit4ClassRunner.java:97) [spring-test-5.1.5.RELEASE.jar:5.1.5.RELEASE]
	at org.junit.runners.ParentRunner$3.run(ParentRunner.java:290) [junit-4.12.jar:4.12]
	at org.junit.runners.ParentRunner$1.schedule(ParentRunner.java:71) [junit-4.12.jar:4.12]
	at org.junit.runners.ParentRunner.runChildren(ParentRunner.java:288) [junit-4.12.jar:4.12]
	at org.junit.runners.ParentRunner.access$000(ParentRunner.java:58) [junit-4.12.jar:4.12]
	at org.junit.runners.ParentRunner$2.evaluate(ParentRunner.java:268) [junit-4.12.jar:4.12]
	at org.springframework.test.context.junit4.statements.RunBeforeTestClassCallbacks.evaluate(RunBeforeTestClassCallbacks.java:61) [spring-test-5.1.5.RELEASE.jar:5.1.5.RELEASE]
	at org.springframework.test.context.junit4.statements.RunAfterTestClassCallbacks.evaluate(RunAfterTestClassCallbacks.java:70) [spring-test-5.1.5.RELEASE.jar:5.1.5.RELEASE]
	at org.junit.runners.ParentRunner.run(ParentRunner.java:363) [junit-4.12.jar:4.12]
	at org.springframework.test.context.junit4.SpringJUnit4ClassRunner.run(SpringJUnit4ClassRunner.java:190) [spring-test-5.1.5.RELEASE.jar:5.1.5.RELEASE]
	at org.junit.runner.JUnitCore.run(JUnitCore.java:137) [junit-4.12.jar:4.12]
	at com.intellij.junit4.JUnit4IdeaTestRunner.startRunnerWithArgs(JUnit4IdeaTestRunner.java:68) [junit-rt.jar:?]
	at com.intellij.rt.execution.junit.IdeaTestRunner$Repeater.startRunnerWithArgs(IdeaTestRunner.java:47) [junit-rt.jar:?]
	at com.intellij.rt.execution.junit.JUnitStarter.prepareStreamsAndStart(JUnitStarter.java:242) [junit-rt.jar:?]
	at com.intellij.rt.execution.junit.JUnitStarter.main(JUnitStarter.java:70) [junit-rt.jar:?]

[2019-02-28 20:10:36] DEBUG 134 statementLog - {conn-10010, pstmt-20000} clearParameters. 
