[2019-02-28 14:00:15] INFO  org.springframework.boot.StartupInfoLogger 50 logStarting - Starting AbrServerApplication on ZhangSunnydeMacBook-Pro.local with PID 88413 (/Users/atmatrix/java-project/abr-server/target/classes started by edgeowner in /Users/atmatrix/java-project/abr-server)
[2019-02-28 14:00:15] INFO  org.springframework.boot.SpringApplication 679 logStartupProfileInfo - The following profiles are active: http://localhost:8080/abr/swagger-ui.html
[2019-02-28 14:00:15] INFO  org.springframework.boot.logging.DeferredLog 227 logTo - Devtools property defaults active! Set 'spring.devtools.add-properties' to 'false' to disable
[2019-02-28 14:00:15] INFO  org.springframework.boot.logging.DeferredLog 227 logTo - For additional web related logging consider setting the 'logging.level.web' property to 'DEBUG'
[2019-02-28 14:00:16] INFO  org.springframework.data.repository.config.RepositoryConfigurationDelegate 244 multipleStoresDetected - Multiple Spring Data modules found, entering strict repository configuration mode!
[2019-02-28 14:00:16] INFO  org.springframework.data.repository.config.RepositoryConfigurationDelegate 126 registerRepositoriesIn - Bootstrapping Spring Data repositories in DEFAULT mode.
[2019-02-28 14:01:21] INFO  org.springframework.boot.StartupInfoLogger 50 logStarting - Starting AbrServerApplication on ZhangSunnydeMacBook-Pro.local with PID 89110 (/Users/atmatrix/java-project/abr-server/target/classes started by edgeowner in /Users/atmatrix/java-project/abr-server)
[2019-02-28 14:01:21] INFO  org.springframework.boot.SpringApplication 679 logStartupProfileInfo - The following profiles are active: http://localhost:8080/abr/swagger-ui.html
[2019-02-28 14:01:22] INFO  org.springframework.boot.logging.DeferredLog 227 logTo - Devtools property defaults active! Set 'spring.devtools.add-properties' to 'false' to disable
[2019-02-28 14:01:22] INFO  org.springframework.boot.logging.DeferredLog 227 logTo - For additional web related logging consider setting the 'logging.level.web' property to 'DEBUG'
[2019-02-28 14:01:23] INFO  org.springframework.data.repository.config.RepositoryConfigurationDelegate 244 multipleStoresDetected - Multiple Spring Data modules found, entering strict repository configuration mode!
[2019-02-28 14:01:23] INFO  org.springframework.data.repository.config.RepositoryConfigurationDelegate 126 registerRepositoriesIn - Bootstrapping Spring Data repositories in DEFAULT mode.
[2019-02-28 14:01:23] INFO  org.springframework.data.repository.config.RepositoryConfigurationDelegate 182 registerRepositoriesIn - Finished Spring Data repository scanning in 31ms. Found 0 repository interfaces.
[2019-02-28 14:01:24] INFO  org.springframework.context.support.PostProcessorRegistrationDelegate$BeanPostProcessorChecker 330 postProcessAfterInitialization - Bean 'com.alibaba.druid.spring.boot.autoconfigure.stat.DruidSpringAopConfiguration' of type [com.alibaba.druid.spring.boot.autoconfigure.stat.DruidSpringAopConfiguration] is not eligible for getting processed by all BeanPostProcessors (for example: not eligible for auto-proxying)
[2019-02-28 14:01:24] INFO  org.springframework.context.support.PostProcessorRegistrationDelegate$BeanPostProcessorChecker 330 postProcessAfterInitialization - Bean 'org.springframework.transaction.annotation.ProxyTransactionManagementConfiguration' of type [org.springframework.transaction.annotation.ProxyTransactionManagementConfiguration$$EnhancerBySpringCGLIB$$3d1cf655] is not eligible for getting processed by all BeanPostProcessors (for example: not eligible for auto-proxying)
[2019-02-28 14:01:24] INFO  org.springframework.context.support.PostProcessorRegistrationDelegate$BeanPostProcessorChecker 330 postProcessAfterInitialization - Bean 'spring.datasource.druid-com.alibaba.druid.spring.boot.autoconfigure.properties.DruidStatProperties' of type [com.alibaba.druid.spring.boot.autoconfigure.properties.DruidStatProperties] is not eligible for getting processed by all BeanPostProcessors (for example: not eligible for auto-proxying)
[2019-02-28 14:01:24] INFO  org.springframework.context.support.PostProcessorRegistrationDelegate$BeanPostProcessorChecker 330 postProcessAfterInitialization - Bean 'advisor' of type [org.springframework.aop.support.RegexpMethodPointcutAdvisor] is not eligible for getting processed by all BeanPostProcessors (for example: not eligible for auto-proxying)
[2019-02-28 14:01:24] INFO  org.springframework.boot.web.embedded.tomcat.TomcatWebServer 90 initialize - Tomcat initialized with port(s): 8080 (http)
[2019-02-28 14:01:24] INFO  org.apache.juli.logging.DirectJDKLog 173 log - Starting service [Tomcat]
[2019-02-28 14:01:24] INFO  org.apache.juli.logging.DirectJDKLog 173 log - Starting Servlet engine: [Apache Tomcat/9.0.16]
[2019-02-28 14:01:24] INFO  org.apache.juli.logging.DirectJDKLog 173 log - The APR based Apache Tomcat Native library which allows optimal performance in production environments was not found on the java.library.path: [/Users/atmatrix/Library/Java/Extensions:/Library/Java/Extensions:/Network/Library/Java/Extensions:/System/Library/Java/Extensions:/usr/lib/java:.]
[2019-02-28 14:01:25] INFO  org.apache.juli.logging.DirectJDKLog 173 log - Initializing Spring embedded WebApplicationContext
[2019-02-28 14:01:25] INFO  org.springframework.boot.web.servlet.context.ServletWebServerApplicationContext 296 prepareWebApplicationContext - Root WebApplicationContext: initialization completed in 3070 ms
[2019-02-28 14:01:25] INFO  com.alibaba.druid.spring.boot.autoconfigure.DruidDataSourceAutoConfigure 56 dataSource - Init DruidDataSource
[2019-02-28 14:01:26] INFO  com.alibaba.druid.pool.DruidDataSource 930 init - {dataSource-1} inited
[2019-02-28 14:01:26] INFO  org.springframework.boot.actuate.endpoint.web.ServletEndpointRegistrar 78 register - Registered '/actuator/jolokia' to jolokia-actuator-endpoint
[2019-02-28 14:01:26] INFO  com.alibaba.druid.pool.DruidDataSource 1825 close - {dataSource-1} closed
[2019-02-28 14:01:27] INFO  org.apache.juli.logging.DirectJDKLog 173 log - Stopping service [Tomcat]
[2019-02-28 14:01:27] INFO  org.springframework.boot.autoconfigure.logging.ConditionEvaluationReportLoggingListener 142 logMessage - 

Error starting ApplicationContext. To display the conditions report re-run your application with 'debug' enabled.
[2019-02-28 14:01:44] INFO  org.springframework.boot.StartupInfoLogger 50 logStarting - Starting AbrServerApplication on ZhangSunnydeMacBook-Pro.local with PID 89144 (/Users/atmatrix/java-project/abr-server/target/classes started by edgeowner in /Users/atmatrix/java-project/abr-server)
[2019-02-28 14:01:44] INFO  org.springframework.boot.SpringApplication 679 logStartupProfileInfo - The following profiles are active: http://localhost:8080/abr/swagger-ui.html
[2019-02-28 14:01:44] INFO  org.springframework.boot.logging.DeferredLog 227 logTo - Devtools property defaults active! Set 'spring.devtools.add-properties' to 'false' to disable
[2019-02-28 14:01:44] INFO  org.springframework.boot.logging.DeferredLog 227 logTo - For additional web related logging consider setting the 'logging.level.web' property to 'DEBUG'
[2019-02-28 14:01:46] INFO  org.springframework.data.repository.config.RepositoryConfigurationDelegate 244 multipleStoresDetected - Multiple Spring Data modules found, entering strict repository configuration mode!
[2019-02-28 14:01:46] INFO  org.springframework.data.repository.config.RepositoryConfigurationDelegate 126 registerRepositoriesIn - Bootstrapping Spring Data repositories in DEFAULT mode.
[2019-02-28 14:01:46] INFO  org.springframework.data.repository.config.RepositoryConfigurationDelegate 182 registerRepositoriesIn - Finished Spring Data repository scanning in 29ms. Found 0 repository interfaces.
[2019-02-28 14:01:46] INFO  org.springframework.context.support.PostProcessorRegistrationDelegate$BeanPostProcessorChecker 330 postProcessAfterInitialization - Bean 'com.alibaba.druid.spring.boot.autoconfigure.stat.DruidSpringAopConfiguration' of type [com.alibaba.druid.spring.boot.autoconfigure.stat.DruidSpringAopConfiguration] is not eligible for getting processed by all BeanPostProcessors (for example: not eligible for auto-proxying)
[2019-02-28 14:01:46] INFO  org.springframework.context.support.PostProcessorRegistrationDelegate$BeanPostProcessorChecker 330 postProcessAfterInitialization - Bean 'org.springframework.transaction.annotation.ProxyTransactionManagementConfiguration' of type [org.springframework.transaction.annotation.ProxyTransactionManagementConfiguration$$EnhancerBySpringCGLIB$$efff6db1] is not eligible for getting processed by all BeanPostProcessors (for example: not eligible for auto-proxying)
[2019-02-28 14:01:46] INFO  org.springframework.context.support.PostProcessorRegistrationDelegate$BeanPostProcessorChecker 330 postProcessAfterInitialization - Bean 'spring.datasource.druid-com.alibaba.druid.spring.boot.autoconfigure.properties.DruidStatProperties' of type [com.alibaba.druid.spring.boot.autoconfigure.properties.DruidStatProperties] is not eligible for getting processed by all BeanPostProcessors (for example: not eligible for auto-proxying)
[2019-02-28 14:01:46] INFO  org.springframework.context.support.PostProcessorRegistrationDelegate$BeanPostProcessorChecker 330 postProcessAfterInitialization - Bean 'advisor' of type [org.springframework.aop.support.RegexpMethodPointcutAdvisor] is not eligible for getting processed by all BeanPostProcessors (for example: not eligible for auto-proxying)
[2019-02-28 14:01:47] INFO  org.springframework.boot.web.embedded.tomcat.TomcatWebServer 90 initialize - Tomcat initialized with port(s): 8080 (http)
[2019-02-28 14:01:47] INFO  org.apache.juli.logging.DirectJDKLog 173 log - Starting service [Tomcat]
[2019-02-28 14:01:47] INFO  org.apache.juli.logging.DirectJDKLog 173 log - Starting Servlet engine: [Apache Tomcat/9.0.16]
[2019-02-28 14:01:47] INFO  org.apache.juli.logging.DirectJDKLog 173 log - The APR based Apache Tomcat Native library which allows optimal performance in production environments was not found on the java.library.path: [/Users/atmatrix/Library/Java/Extensions:/Library/Java/Extensions:/Network/Library/Java/Extensions:/System/Library/Java/Extensions:/usr/lib/java:.]
[2019-02-28 14:01:47] INFO  org.apache.juli.logging.DirectJDKLog 173 log - Initializing Spring embedded WebApplicationContext
[2019-02-28 14:01:47] INFO  org.springframework.boot.web.servlet.context.ServletWebServerApplicationContext 296 prepareWebApplicationContext - Root WebApplicationContext: initialization completed in 2742 ms
[2019-02-28 14:01:48] INFO  com.alibaba.druid.spring.boot.autoconfigure.DruidDataSourceAutoConfigure 56 dataSource - Init DruidDataSource
[2019-02-28 14:01:48] INFO  com.alibaba.druid.pool.DruidDataSource 930 init - {dataSource-1} inited
[2019-02-28 14:01:49] INFO  org.springframework.boot.actuate.endpoint.web.ServletEndpointRegistrar 78 register - Registered '/actuator/jolokia' to jolokia-actuator-endpoint
[2019-02-28 14:01:50] INFO  org.springframework.boot.actuate.endpoint.web.EndpointLinksResolver 59 <init> - Exposing 18 endpoint(s) beneath base path '/actuator'
[2019-02-28 14:01:50] INFO  springfox.documentation.spring.web.PropertySourcedRequestMappingHandlerMapping 69 initHandlerMethods - Mapped URL path [/v2/api-docs] onto method [public org.springframework.http.ResponseEntity<springfox.documentation.spring.web.json.Json> springfox.documentation.swagger2.web.Swagger2Controller.getDocumentation(java.lang.String,javax.servlet.http.HttpServletRequest)]
[2019-02-28 14:01:50] INFO  org.springframework.scheduling.concurrent.ExecutorConfigurationSupport 171 initialize - Initializing ExecutorService 'applicationTaskExecutor'
[2019-02-28 14:01:51] INFO  org.springframework.boot.devtools.autoconfigure.OptionalLiveReloadServer 57 startServer - LiveReload server is running on port 35729
[2019-02-28 14:01:51] INFO  io.lettuce.core.EpollProvider 68 <clinit> - Starting without optional epoll library
[2019-02-28 14:01:51] INFO  io.lettuce.core.KqueueProvider 70 <clinit> - Starting without optional kqueue library
[2019-02-28 14:01:52] INFO  springfox.documentation.spring.web.plugins.DocumentationPluginsBootstrapper 151 start - Context refreshed
[2019-02-28 14:01:52] INFO  springfox.documentation.spring.web.plugins.DocumentationPluginsBootstrapper 154 start - Found 1 custom documentation plugin(s)
[2019-02-28 14:01:52] INFO  springfox.documentation.spring.web.scanners.ApiListingReferenceScanner 41 scan - Scanning for api listing references
[2019-02-28 14:01:52] INFO  springfox.documentation.spring.web.readers.operation.CachingOperationNameGenerator 40 startingWith - Generating unique operation named: getRobotListUsingPOST_1
[2019-02-28 14:01:53] INFO  org.springframework.scheduling.annotation.ScheduledAnnotationBeanPostProcessor 295 finishRegistration - No TaskScheduler/ScheduledExecutorService bean found for scheduled processing
[2019-02-28 14:01:53] INFO  org.springframework.boot.web.embedded.tomcat.TomcatWebServer 204 start - Tomcat started on port(s): 8080 (http) with context path '/abr'
[2019-02-28 14:01:53] INFO  org.springframework.boot.StartupInfoLogger 59 logStarted - Started AbrServerApplication in 9.312 seconds (JVM running for 11.318)
[2019-02-28 14:01:53] INFO  org.apache.juli.logging.DirectJDKLog 173 log - Initializing Spring DispatcherServlet 'dispatcherServlet'
[2019-02-28 14:01:53] INFO  org.springframework.web.servlet.FrameworkServlet 524 initServletBean - Initializing Servlet 'dispatcherServlet'
[2019-02-28 14:01:53] INFO  org.springframework.web.servlet.FrameworkServlet 546 initServletBean - Completed initialization in 15 ms
[2019-02-28 14:02:08] INFO  org.springframework.scheduling.concurrent.ExecutorConfigurationSupport 208 shutdown - Shutting down ExecutorService 'applicationTaskExecutor'
[2019-02-28 14:02:08] INFO  com.alibaba.druid.pool.DruidDataSource 1825 close - {dataSource-1} closed
[2019-02-28 14:03:25] INFO  org.springframework.boot.StartupInfoLogger 50 logStarting - Starting AbrServerApplication on ZhangSunnydeMacBook-Pro.local with PID 89262 (/Users/atmatrix/java-project/abr-server/target/classes started by edgeowner in /Users/atmatrix/java-project/abr-server)
[2019-02-28 14:03:25] INFO  org.springframework.boot.SpringApplication 679 logStartupProfileInfo - The following profiles are active: http://localhost:8080/abr/swagger-ui.html
[2019-02-28 14:03:25] INFO  org.springframework.boot.logging.DeferredLog 227 logTo - Devtools property defaults active! Set 'spring.devtools.add-properties' to 'false' to disable
[2019-02-28 14:03:25] INFO  org.springframework.boot.logging.DeferredLog 227 logTo - For additional web related logging consider setting the 'logging.level.web' property to 'DEBUG'
[2019-02-28 14:04:44] INFO  org.springframework.boot.StartupInfoLogger 50 logStarting - Starting AbrServerApplication on ZhangSunnydeMacBook-Pro.local with PID 89402 (/Users/atmatrix/java-project/abr-server/target/classes started by edgeowner in /Users/atmatrix/java-project/abr-server)
[2019-02-28 14:04:44] INFO  org.springframework.boot.SpringApplication 679 logStartupProfileInfo - The following profiles are active: http://localhost:8080/abr/swagger-ui.html
[2019-02-28 14:04:44] INFO  org.springframework.boot.logging.DeferredLog 227 logTo - Devtools property defaults active! Set 'spring.devtools.add-properties' to 'false' to disable
[2019-02-28 14:04:44] INFO  org.springframework.boot.logging.DeferredLog 227 logTo - For additional web related logging consider setting the 'logging.level.web' property to 'DEBUG'
[2019-02-28 14:04:45] INFO  org.springframework.data.repository.config.RepositoryConfigurationDelegate 244 multipleStoresDetected - Multiple Spring Data modules found, entering strict repository configuration mode!
[2019-02-28 14:04:45] INFO  org.springframework.data.repository.config.RepositoryConfigurationDelegate 126 registerRepositoriesIn - Bootstrapping Spring Data repositories in DEFAULT mode.
[2019-02-28 14:04:45] INFO  org.springframework.data.repository.config.RepositoryConfigurationDelegate 182 registerRepositoriesIn - Finished Spring Data repository scanning in 31ms. Found 0 repository interfaces.
[2019-02-28 14:04:46] INFO  org.springframework.context.support.PostProcessorRegistrationDelegate$BeanPostProcessorChecker 330 postProcessAfterInitialization - Bean 'com.alibaba.druid.spring.boot.autoconfigure.stat.DruidSpringAopConfiguration' of type [com.alibaba.druid.spring.boot.autoconfigure.stat.DruidSpringAopConfiguration] is not eligible for getting processed by all BeanPostProcessors (for example: not eligible for auto-proxying)
[2019-02-28 14:04:46] INFO  org.springframework.context.support.PostProcessorRegistrationDelegate$BeanPostProcessorChecker 330 postProcessAfterInitialization - Bean 'org.springframework.transaction.annotation.ProxyTransactionManagementConfiguration' of type [org.springframework.transaction.annotation.ProxyTransactionManagementConfiguration$$EnhancerBySpringCGLIB$$e2c5819c] is not eligible for getting processed by all BeanPostProcessors (for example: not eligible for auto-proxying)
[2019-02-28 14:04:46] INFO  org.springframework.context.support.PostProcessorRegistrationDelegate$BeanPostProcessorChecker 330 postProcessAfterInitialization - Bean 'spring.datasource.druid-com.alibaba.druid.spring.boot.autoconfigure.properties.DruidStatProperties' of type [com.alibaba.druid.spring.boot.autoconfigure.properties.DruidStatProperties] is not eligible for getting processed by all BeanPostProcessors (for example: not eligible for auto-proxying)
[2019-02-28 14:04:46] INFO  org.springframework.context.support.PostProcessorRegistrationDelegate$BeanPostProcessorChecker 330 postProcessAfterInitialization - Bean 'advisor' of type [org.springframework.aop.support.RegexpMethodPointcutAdvisor] is not eligible for getting processed by all BeanPostProcessors (for example: not eligible for auto-proxying)
[2019-02-28 14:04:47] INFO  org.springframework.boot.web.embedded.tomcat.TomcatWebServer 90 initialize - Tomcat initialized with port(s): 8080 (http)
[2019-02-28 14:04:47] INFO  org.apache.juli.logging.DirectJDKLog 173 log - Starting service [Tomcat]
[2019-02-28 14:04:47] INFO  org.apache.juli.logging.DirectJDKLog 173 log - Starting Servlet engine: [Apache Tomcat/9.0.16]
[2019-02-28 14:04:47] INFO  org.apache.juli.logging.DirectJDKLog 173 log - The APR based Apache Tomcat Native library which allows optimal performance in production environments was not found on the java.library.path: [/Users/atmatrix/Library/Java/Extensions:/Library/Java/Extensions:/Network/Library/Java/Extensions:/System/Library/Java/Extensions:/usr/lib/java:.]
[2019-02-28 14:04:47] INFO  org.apache.juli.logging.DirectJDKLog 173 log - Initializing Spring embedded WebApplicationContext
[2019-02-28 14:04:47] INFO  org.springframework.boot.web.servlet.context.ServletWebServerApplicationContext 296 prepareWebApplicationContext - Root WebApplicationContext: initialization completed in 2834 ms
[2019-02-28 14:04:47] INFO  com.alibaba.druid.spring.boot.autoconfigure.DruidDataSourceAutoConfigure 56 dataSource - Init DruidDataSource
[2019-02-28 14:04:48] INFO  com.alibaba.druid.pool.DruidDataSource 930 init - {dataSource-1} inited
[2019-02-28 14:04:48] INFO  org.springframework.boot.actuate.endpoint.web.ServletEndpointRegistrar 78 register - Registered '/actuator/jolokia' to jolokia-actuator-endpoint
[2019-02-28 14:04:50] INFO  org.springframework.boot.actuate.endpoint.web.EndpointLinksResolver 59 <init> - Exposing 18 endpoint(s) beneath base path '/actuator'
[2019-02-28 14:04:50] INFO  springfox.documentation.spring.web.PropertySourcedRequestMappingHandlerMapping 69 initHandlerMethods - Mapped URL path [/v2/api-docs] onto method [public org.springframework.http.ResponseEntity<springfox.documentation.spring.web.json.Json> springfox.documentation.swagger2.web.Swagger2Controller.getDocumentation(java.lang.String,javax.servlet.http.HttpServletRequest)]
[2019-02-28 14:04:50] INFO  org.springframework.scheduling.concurrent.ExecutorConfigurationSupport 171 initialize - Initializing ExecutorService 'applicationTaskExecutor'
[2019-02-28 14:04:50] INFO  org.springframework.boot.devtools.autoconfigure.OptionalLiveReloadServer 57 startServer - LiveReload server is running on port 35729
[2019-02-28 14:04:51] INFO  io.lettuce.core.EpollProvider 68 <clinit> - Starting without optional epoll library
[2019-02-28 14:04:51] INFO  io.lettuce.core.KqueueProvider 70 <clinit> - Starting without optional kqueue library
[2019-02-28 14:04:52] INFO  springfox.documentation.spring.web.plugins.DocumentationPluginsBootstrapper 151 start - Context refreshed
[2019-02-28 14:04:52] INFO  springfox.documentation.spring.web.plugins.DocumentationPluginsBootstrapper 154 start - Found 1 custom documentation plugin(s)
[2019-02-28 14:04:52] INFO  springfox.documentation.spring.web.scanners.ApiListingReferenceScanner 41 scan - Scanning for api listing references
[2019-02-28 14:04:52] INFO  springfox.documentation.spring.web.readers.operation.CachingOperationNameGenerator 40 startingWith - Generating unique operation named: getRobotListUsingPOST_1
[2019-02-28 14:04:52] INFO  org.springframework.scheduling.annotation.ScheduledAnnotationBeanPostProcessor 295 finishRegistration - No TaskScheduler/ScheduledExecutorService bean found for scheduled processing
[2019-02-28 14:04:53] INFO  org.springframework.boot.web.embedded.tomcat.TomcatWebServer 204 start - Tomcat started on port(s): 8080 (http) with context path '/abr'
[2019-02-28 14:04:53] INFO  org.springframework.boot.StartupInfoLogger 59 logStarted - Started AbrServerApplication in 9.311 seconds (JVM running for 11.333)
[2019-02-28 14:04:53] INFO  org.springframework.scheduling.concurrent.ExecutorConfigurationSupport 208 shutdown - Shutting down ExecutorService 'applicationTaskExecutor'
[2019-02-28 14:04:53] INFO  com.alibaba.druid.pool.DruidDataSource 1825 close - {dataSource-1} closed
[2019-02-28 17:26:59] INFO  org.springframework.test.context.support.AbstractTestContextBootstrapper 308 buildDefaultMergedContextConfiguration - Neither @ContextConfiguration nor @ContextHierarchy found for test class [com.atmatrix.abr.infrastructure.dao.RobotExtendDaoTest], using SpringBootContextLoader
[2019-02-28 17:26:59] INFO  org.springframework.test.context.support.AbstractContextLoader 264 generateDefaultLocations - Could not detect default resource locations for test class [com.atmatrix.abr.infrastructure.dao.RobotExtendDaoTest]: no resource found for suffixes {-context.xml, Context.groovy}.
[2019-02-28 17:26:59] INFO  org.springframework.test.context.support.AnnotationConfigContextLoaderUtils 83 detectDefaultConfigurationClasses - Could not detect default configuration classes for test class [com.atmatrix.abr.infrastructure.dao.RobotExtendDaoTest]: RobotExtendDaoTest does not declare any static, non-private, non-final, nested classes annotated with @Configuration.
[2019-02-28 17:26:59] INFO  org.springframework.boot.test.context.SpringBootTestContextBootstrapper 247 getOrFindConfigurationClasses - Found @SpringBootConfiguration com.atmatrix.abr.AbrServerApplication for test class com.atmatrix.abr.infrastructure.dao.RobotExtendDaoTest
[2019-02-28 17:26:59] INFO  org.springframework.test.context.support.AbstractTestContextBootstrapper 248 getDefaultTestExecutionListenerClassNames - Loaded default TestExecutionListener class names from location [META-INF/spring.factories]: [org.springframework.boot.test.mock.mockito.MockitoTestExecutionListener, org.springframework.boot.test.mock.mockito.ResetMocksTestExecutionListener, org.springframework.boot.test.autoconfigure.restdocs.RestDocsTestExecutionListener, org.springframework.boot.test.autoconfigure.web.client.MockRestServiceServerResetTestExecutionListener, org.springframework.boot.test.autoconfigure.web.servlet.MockMvcPrintOnlyOnFailureTestExecutionListener, org.springframework.boot.test.autoconfigure.web.servlet.WebDriverTestExecutionListener, org.springframework.test.context.web.ServletTestExecutionListener, org.springframework.test.context.support.DirtiesContextBeforeModesTestExecutionListener, org.springframework.test.context.support.DependencyInjectionTestExecutionListener, org.springframework.test.context.support.DirtiesContextTestExecutionListener, org.springframework.test.context.transaction.TransactionalTestExecutionListener, org.springframework.test.context.jdbc.SqlScriptsTestExecutionListener]
[2019-02-28 17:26:59] INFO  org.springframework.test.context.support.AbstractTestContextBootstrapper 177 getTestExecutionListeners - Using TestExecutionListeners: [org.springframework.test.context.web.ServletTestExecutionListener@5e17553a, org.springframework.test.context.support.DirtiesContextBeforeModesTestExecutionListener@3eb91815, org.springframework.boot.test.mock.mockito.MockitoTestExecutionListener@56dc1551, org.springframework.boot.test.autoconfigure.SpringBootDependencyInjectionTestExecutionListener@102cec62, org.springframework.test.context.support.DirtiesContextTestExecutionListener@74f6c5d8, org.springframework.test.context.transaction.TransactionalTestExecutionListener@27912e3, org.springframework.test.context.jdbc.SqlScriptsTestExecutionListener@34b9f960, org.springframework.boot.test.mock.mockito.ResetMocksTestExecutionListener@43015c69, org.springframework.boot.test.autoconfigure.restdocs.RestDocsTestExecutionListener@19b89d4, org.springframework.boot.test.autoconfigure.web.client.MockRestServiceServerResetTestExecutionListener@4bbf6d0e, org.springframework.boot.test.autoconfigure.web.servlet.MockMvcPrintOnlyOnFailureTestExecutionListener@30b6ffe0, org.springframework.boot.test.autoconfigure.web.servlet.WebDriverTestExecutionListener@791d1f8b]
[2019-02-28 17:27:00] INFO  org.springframework.boot.StartupInfoLogger 50 logStarting - Starting RobotExtendDaoTest on ZhangSunnydeMacBook-Pro.local with PID 22777 (started by edgeowner in /Users/atmatrix/java-project/abr-server)
[2019-02-28 17:27:00] INFO  org.springframework.boot.SpringApplication 675 logStartupProfileInfo - No active profile set, falling back to default profiles: default
[2019-02-28 17:27:02] INFO  org.springframework.data.repository.config.RepositoryConfigurationDelegate 244 multipleStoresDetected - Multiple Spring Data modules found, entering strict repository configuration mode!
[2019-02-28 17:27:02] INFO  org.springframework.data.repository.config.RepositoryConfigurationDelegate 126 registerRepositoriesIn - Bootstrapping Spring Data repositories in DEFAULT mode.
[2019-02-28 17:27:02] INFO  org.springframework.data.repository.config.RepositoryConfigurationDelegate 182 registerRepositoriesIn - Finished Spring Data repository scanning in 102ms. Found 0 repository interfaces.
[2019-02-28 17:27:02] INFO  org.springframework.context.support.PostProcessorRegistrationDelegate$BeanPostProcessorChecker 330 postProcessAfterInitialization - Bean 'com.alibaba.druid.spring.boot.autoconfigure.stat.DruidSpringAopConfiguration' of type [com.alibaba.druid.spring.boot.autoconfigure.stat.DruidSpringAopConfiguration] is not eligible for getting processed by all BeanPostProcessors (for example: not eligible for auto-proxying)
[2019-02-28 17:27:02] INFO  org.springframework.context.support.PostProcessorRegistrationDelegate$BeanPostProcessorChecker 330 postProcessAfterInitialization - Bean 'org.springframework.transaction.annotation.ProxyTransactionManagementConfiguration' of type [org.springframework.transaction.annotation.ProxyTransactionManagementConfiguration$$EnhancerBySpringCGLIB$$35490842] is not eligible for getting processed by all BeanPostProcessors (for example: not eligible for auto-proxying)
[2019-02-28 17:27:03] INFO  org.springframework.context.support.PostProcessorRegistrationDelegate$BeanPostProcessorChecker 330 postProcessAfterInitialization - Bean 'spring.datasource.druid-com.alibaba.druid.spring.boot.autoconfigure.properties.DruidStatProperties' of type [com.alibaba.druid.spring.boot.autoconfigure.properties.DruidStatProperties] is not eligible for getting processed by all BeanPostProcessors (for example: not eligible for auto-proxying)
[2019-02-28 17:27:03] INFO  org.springframework.context.support.PostProcessorRegistrationDelegate$BeanPostProcessorChecker 330 postProcessAfterInitialization - Bean 'advisor' of type [org.springframework.aop.support.RegexpMethodPointcutAdvisor] is not eligible for getting processed by all BeanPostProcessors (for example: not eligible for auto-proxying)
[2019-02-28 17:27:03] INFO  com.alibaba.druid.spring.boot.autoconfigure.DruidDataSourceAutoConfigure 56 dataSource - Init DruidDataSource
[2019-02-28 17:27:04] INFO  com.alibaba.druid.pool.DruidDataSource 930 init - {dataSource-1} inited
[2019-02-28 17:27:07] INFO  org.springframework.boot.actuate.endpoint.web.EndpointLinksResolver 59 <init> - Exposing 18 endpoint(s) beneath base path '/actuator'
[2019-02-28 17:27:08] INFO  springfox.documentation.spring.web.PropertySourcedRequestMappingHandlerMapping 69 initHandlerMethods - Mapped URL path [/v2/api-docs] onto method [public org.springframework.http.ResponseEntity<springfox.documentation.spring.web.json.Json> springfox.documentation.swagger2.web.Swagger2Controller.getDocumentation(java.lang.String,javax.servlet.http.HttpServletRequest)]
[2019-02-28 17:27:08] INFO  org.springframework.scheduling.concurrent.ExecutorConfigurationSupport 171 initialize - Initializing ExecutorService 'applicationTaskExecutor'
[2019-02-28 17:27:09] INFO  io.lettuce.core.EpollProvider 68 <clinit> - Starting without optional epoll library
[2019-02-28 17:27:09] INFO  io.lettuce.core.KqueueProvider 70 <clinit> - Starting without optional kqueue library
[2019-02-28 17:27:10] INFO  springfox.documentation.spring.web.plugins.DocumentationPluginsBootstrapper 151 start - Context refreshed
[2019-02-28 17:27:10] INFO  springfox.documentation.spring.web.plugins.DocumentationPluginsBootstrapper 154 start - Found 1 custom documentation plugin(s)
[2019-02-28 17:27:10] INFO  springfox.documentation.spring.web.scanners.ApiListingReferenceScanner 41 scan - Scanning for api listing references
[2019-02-28 17:27:10] INFO  springfox.documentation.spring.web.readers.operation.CachingOperationNameGenerator 40 startingWith - Generating unique operation named: getRobotListUsingPOST_1
[2019-02-28 17:27:11] INFO  org.springframework.scheduling.annotation.ScheduledAnnotationBeanPostProcessor 295 finishRegistration - No TaskScheduler/ScheduledExecutorService bean found for scheduled processing
[2019-02-28 17:27:11] INFO  org.springframework.boot.StartupInfoLogger 59 logStarted - Started RobotExtendDaoTest in 11.695 seconds (JVM running for 13.681)
[2019-02-28 17:27:12] INFO  org.springframework.scheduling.concurrent.ExecutorConfigurationSupport 208 shutdown - Shutting down ExecutorService 'applicationTaskExecutor'
[2019-02-28 17:27:13] INFO  com.alibaba.druid.pool.DruidDataSource 1825 close - {dataSource-1} closed
[2019-02-28 17:28:47] INFO  org.springframework.test.context.support.AbstractTestContextBootstrapper 308 buildDefaultMergedContextConfiguration - Neither @ContextConfiguration nor @ContextHierarchy found for test class [com.atmatrix.abr.infrastructure.dao.RobotExtendDaoTest], using SpringBootContextLoader
[2019-02-28 17:28:47] INFO  org.springframework.test.context.support.AbstractContextLoader 264 generateDefaultLocations - Could not detect default resource locations for test class [com.atmatrix.abr.infrastructure.dao.RobotExtendDaoTest]: no resource found for suffixes {-context.xml, Context.groovy}.
[2019-02-28 17:28:47] INFO  org.springframework.test.context.support.AnnotationConfigContextLoaderUtils 83 detectDefaultConfigurationClasses - Could not detect default configuration classes for test class [com.atmatrix.abr.infrastructure.dao.RobotExtendDaoTest]: RobotExtendDaoTest does not declare any static, non-private, non-final, nested classes annotated with @Configuration.
[2019-02-28 17:28:47] INFO  org.springframework.boot.test.context.SpringBootTestContextBootstrapper 247 getOrFindConfigurationClasses - Found @SpringBootConfiguration com.atmatrix.abr.AbrServerApplication for test class com.atmatrix.abr.infrastructure.dao.RobotExtendDaoTest
[2019-02-28 17:28:47] INFO  org.springframework.test.context.support.AbstractTestContextBootstrapper 248 getDefaultTestExecutionListenerClassNames - Loaded default TestExecutionListener class names from location [META-INF/spring.factories]: [org.springframework.boot.test.mock.mockito.MockitoTestExecutionListener, org.springframework.boot.test.mock.mockito.ResetMocksTestExecutionListener, org.springframework.boot.test.autoconfigure.restdocs.RestDocsTestExecutionListener, org.springframework.boot.test.autoconfigure.web.client.MockRestServiceServerResetTestExecutionListener, org.springframework.boot.test.autoconfigure.web.servlet.MockMvcPrintOnlyOnFailureTestExecutionListener, org.springframework.boot.test.autoconfigure.web.servlet.WebDriverTestExecutionListener, org.springframework.test.context.web.ServletTestExecutionListener, org.springframework.test.context.support.DirtiesContextBeforeModesTestExecutionListener, org.springframework.test.context.support.DependencyInjectionTestExecutionListener, org.springframework.test.context.support.DirtiesContextTestExecutionListener, org.springframework.test.context.transaction.TransactionalTestExecutionListener, org.springframework.test.context.jdbc.SqlScriptsTestExecutionListener]
[2019-02-28 17:28:47] INFO  org.springframework.test.context.support.AbstractTestContextBootstrapper 177 getTestExecutionListeners - Using TestExecutionListeners: [org.springframework.test.context.web.ServletTestExecutionListener@4bbf6d0e, org.springframework.test.context.support.DirtiesContextBeforeModesTestExecutionListener@30b6ffe0, org.springframework.boot.test.mock.mockito.MockitoTestExecutionListener@791d1f8b, org.springframework.boot.test.autoconfigure.SpringBootDependencyInjectionTestExecutionListener@2415fc55, org.springframework.test.context.support.DirtiesContextTestExecutionListener@14f232c4, org.springframework.test.context.transaction.TransactionalTestExecutionListener@13bc8645, org.springframework.test.context.jdbc.SqlScriptsTestExecutionListener@24c22fe, org.springframework.boot.test.mock.mockito.ResetMocksTestExecutionListener@93081b6, org.springframework.boot.test.autoconfigure.restdocs.RestDocsTestExecutionListener@cd1e646, org.springframework.boot.test.autoconfigure.web.client.MockRestServiceServerResetTestExecutionListener@7ba8c737, org.springframework.boot.test.autoconfigure.web.servlet.MockMvcPrintOnlyOnFailureTestExecutionListener@1890516e, org.springframework.boot.test.autoconfigure.web.servlet.WebDriverTestExecutionListener@15a04efb]
[2019-02-28 17:28:48] INFO  org.springframework.boot.StartupInfoLogger 50 logStarting - Starting RobotExtendDaoTest on ZhangSunnydeMacBook-Pro.local with PID 24276 (started by edgeowner in /Users/atmatrix/java-project/abr-server)
[2019-02-28 17:28:48] INFO  org.springframework.boot.SpringApplication 675 logStartupProfileInfo - No active profile set, falling back to default profiles: default
[2019-02-28 17:28:50] INFO  org.springframework.data.repository.config.RepositoryConfigurationDelegate 244 multipleStoresDetected - Multiple Spring Data modules found, entering strict repository configuration mode!
[2019-02-28 17:28:50] INFO  org.springframework.data.repository.config.RepositoryConfigurationDelegate 126 registerRepositoriesIn - Bootstrapping Spring Data repositories in DEFAULT mode.
[2019-02-28 17:28:50] INFO  org.springframework.data.repository.config.RepositoryConfigurationDelegate 182 registerRepositoriesIn - Finished Spring Data repository scanning in 52ms. Found 0 repository interfaces.
[2019-02-28 17:28:50] INFO  org.springframework.context.support.PostProcessorRegistrationDelegate$BeanPostProcessorChecker 330 postProcessAfterInitialization - Bean 'com.alibaba.druid.spring.boot.autoconfigure.stat.DruidSpringAopConfiguration' of type [com.alibaba.druid.spring.boot.autoconfigure.stat.DruidSpringAopConfiguration] is not eligible for getting processed by all BeanPostProcessors (for example: not eligible for auto-proxying)
[2019-02-28 17:28:50] INFO  org.springframework.context.support.PostProcessorRegistrationDelegate$BeanPostProcessorChecker 330 postProcessAfterInitialization - Bean 'org.springframework.transaction.annotation.ProxyTransactionManagementConfiguration' of type [org.springframework.transaction.annotation.ProxyTransactionManagementConfiguration$$EnhancerBySpringCGLIB$$168f25c4] is not eligible for getting processed by all BeanPostProcessors (for example: not eligible for auto-proxying)
[2019-02-28 17:28:50] INFO  org.springframework.context.support.PostProcessorRegistrationDelegate$BeanPostProcessorChecker 330 postProcessAfterInitialization - Bean 'spring.datasource.druid-com.alibaba.druid.spring.boot.autoconfigure.properties.DruidStatProperties' of type [com.alibaba.druid.spring.boot.autoconfigure.properties.DruidStatProperties] is not eligible for getting processed by all BeanPostProcessors (for example: not eligible for auto-proxying)
[2019-02-28 17:28:51] INFO  org.springframework.context.support.PostProcessorRegistrationDelegate$BeanPostProcessorChecker 330 postProcessAfterInitialization - Bean 'advisor' of type [org.springframework.aop.support.RegexpMethodPointcutAdvisor] is not eligible for getting processed by all BeanPostProcessors (for example: not eligible for auto-proxying)
[2019-02-28 17:28:51] INFO  com.alibaba.druid.spring.boot.autoconfigure.DruidDataSourceAutoConfigure 56 dataSource - Init DruidDataSource
[2019-02-28 17:28:52] INFO  com.alibaba.druid.pool.DruidDataSource 930 init - {dataSource-1} inited
[2019-02-28 17:28:55] INFO  org.springframework.boot.actuate.endpoint.web.EndpointLinksResolver 59 <init> - Exposing 18 endpoint(s) beneath base path '/actuator'
[2019-02-28 17:28:55] INFO  springfox.documentation.spring.web.PropertySourcedRequestMappingHandlerMapping 69 initHandlerMethods - Mapped URL path [/v2/api-docs] onto method [public org.springframework.http.ResponseEntity<springfox.documentation.spring.web.json.Json> springfox.documentation.swagger2.web.Swagger2Controller.getDocumentation(java.lang.String,javax.servlet.http.HttpServletRequest)]
[2019-02-28 17:30:59] INFO  org.springframework.test.context.support.AbstractTestContextBootstrapper 308 buildDefaultMergedContextConfiguration - Neither @ContextConfiguration nor @ContextHierarchy found for test class [com.atmatrix.abr.infrastructure.dao.RobotExtendDaoTest], using SpringBootContextLoader
[2019-02-28 17:30:59] INFO  org.springframework.test.context.support.AbstractContextLoader 264 generateDefaultLocations - Could not detect default resource locations for test class [com.atmatrix.abr.infrastructure.dao.RobotExtendDaoTest]: no resource found for suffixes {-context.xml, Context.groovy}.
[2019-02-28 17:30:59] INFO  org.springframework.test.context.support.AnnotationConfigContextLoaderUtils 83 detectDefaultConfigurationClasses - Could not detect default configuration classes for test class [com.atmatrix.abr.infrastructure.dao.RobotExtendDaoTest]: RobotExtendDaoTest does not declare any static, non-private, non-final, nested classes annotated with @Configuration.
[2019-02-28 17:30:59] INFO  org.springframework.boot.test.context.SpringBootTestContextBootstrapper 247 getOrFindConfigurationClasses - Found @SpringBootConfiguration com.atmatrix.abr.AbrServerApplication for test class com.atmatrix.abr.infrastructure.dao.RobotExtendDaoTest
[2019-02-28 17:30:59] INFO  org.springframework.test.context.support.AbstractTestContextBootstrapper 248 getDefaultTestExecutionListenerClassNames - Loaded default TestExecutionListener class names from location [META-INF/spring.factories]: [org.springframework.boot.test.mock.mockito.MockitoTestExecutionListener, org.springframework.boot.test.mock.mockito.ResetMocksTestExecutionListener, org.springframework.boot.test.autoconfigure.restdocs.RestDocsTestExecutionListener, org.springframework.boot.test.autoconfigure.web.client.MockRestServiceServerResetTestExecutionListener, org.springframework.boot.test.autoconfigure.web.servlet.MockMvcPrintOnlyOnFailureTestExecutionListener, org.springframework.boot.test.autoconfigure.web.servlet.WebDriverTestExecutionListener, org.springframework.test.context.web.ServletTestExecutionListener, org.springframework.test.context.support.DirtiesContextBeforeModesTestExecutionListener, org.springframework.test.context.support.DependencyInjectionTestExecutionListener, org.springframework.test.context.support.DirtiesContextTestExecutionListener, org.springframework.test.context.transaction.TransactionalTestExecutionListener, org.springframework.test.context.jdbc.SqlScriptsTestExecutionListener]
[2019-02-28 17:30:59] INFO  org.springframework.test.context.support.AbstractTestContextBootstrapper 177 getTestExecutionListeners - Using TestExecutionListeners: [org.springframework.test.context.web.ServletTestExecutionListener@4bbf6d0e, org.springframework.test.context.support.DirtiesContextBeforeModesTestExecutionListener@30b6ffe0, org.springframework.boot.test.mock.mockito.MockitoTestExecutionListener@791d1f8b, org.springframework.boot.test.autoconfigure.SpringBootDependencyInjectionTestExecutionListener@2415fc55, org.springframework.test.context.support.DirtiesContextTestExecutionListener@14f232c4, org.springframework.test.context.transaction.TransactionalTestExecutionListener@13bc8645, org.springframework.test.context.jdbc.SqlScriptsTestExecutionListener@24c22fe, org.springframework.boot.test.mock.mockito.ResetMocksTestExecutionListener@93081b6, org.springframework.boot.test.autoconfigure.restdocs.RestDocsTestExecutionListener@cd1e646, org.springframework.boot.test.autoconfigure.web.client.MockRestServiceServerResetTestExecutionListener@7ba8c737, org.springframework.boot.test.autoconfigure.web.servlet.MockMvcPrintOnlyOnFailureTestExecutionListener@1890516e, org.springframework.boot.test.autoconfigure.web.servlet.WebDriverTestExecutionListener@15a04efb]
[2019-02-28 17:31:00] INFO  org.springframework.boot.StartupInfoLogger 50 logStarting - Starting RobotExtendDaoTest on ZhangSunnydeMacBook-Pro.local with PID 24320 (started by edgeowner in /Users/atmatrix/java-project/abr-server)
[2019-02-28 17:31:00] INFO  org.springframework.boot.SpringApplication 675 logStartupProfileInfo - No active profile set, falling back to default profiles: default
[2019-02-28 17:31:02] INFO  org.springframework.data.repository.config.RepositoryConfigurationDelegate 244 multipleStoresDetected - Multiple Spring Data modules found, entering strict repository configuration mode!
[2019-02-28 17:31:02] INFO  org.springframework.data.repository.config.RepositoryConfigurationDelegate 126 registerRepositoriesIn - Bootstrapping Spring Data repositories in DEFAULT mode.
[2019-02-28 17:31:02] INFO  org.springframework.data.repository.config.RepositoryConfigurationDelegate 182 registerRepositoriesIn - Finished Spring Data repository scanning in 65ms. Found 0 repository interfaces.
[2019-02-28 17:31:02] INFO  org.springframework.context.support.PostProcessorRegistrationDelegate$BeanPostProcessorChecker 330 postProcessAfterInitialization - Bean 'com.alibaba.druid.spring.boot.autoconfigure.stat.DruidSpringAopConfiguration' of type [com.alibaba.druid.spring.boot.autoconfigure.stat.DruidSpringAopConfiguration] is not eligible for getting processed by all BeanPostProcessors (for example: not eligible for auto-proxying)
[2019-02-28 17:31:02] INFO  org.springframework.context.support.PostProcessorRegistrationDelegate$BeanPostProcessorChecker 330 postProcessAfterInitialization - Bean 'org.springframework.transaction.annotation.ProxyTransactionManagementConfiguration' of type [org.springframework.transaction.annotation.ProxyTransactionManagementConfiguration$$EnhancerBySpringCGLIB$$3464da65] is not eligible for getting processed by all BeanPostProcessors (for example: not eligible for auto-proxying)
[2019-02-28 17:31:03] INFO  org.springframework.context.support.PostProcessorRegistrationDelegate$BeanPostProcessorChecker 330 postProcessAfterInitialization - Bean 'spring.datasource.druid-com.alibaba.druid.spring.boot.autoconfigure.properties.DruidStatProperties' of type [com.alibaba.druid.spring.boot.autoconfigure.properties.DruidStatProperties] is not eligible for getting processed by all BeanPostProcessors (for example: not eligible for auto-proxying)
[2019-02-28 17:31:03] INFO  org.springframework.context.support.PostProcessorRegistrationDelegate$BeanPostProcessorChecker 330 postProcessAfterInitialization - Bean 'advisor' of type [org.springframework.aop.support.RegexpMethodPointcutAdvisor] is not eligible for getting processed by all BeanPostProcessors (for example: not eligible for auto-proxying)
[2019-02-28 17:31:03] INFO  com.alibaba.druid.spring.boot.autoconfigure.DruidDataSourceAutoConfigure 56 dataSource - Init DruidDataSource
[2019-02-28 17:31:04] INFO  com.alibaba.druid.pool.DruidDataSource 930 init - {dataSource-1} inited
[2019-02-28 17:31:07] INFO  org.springframework.boot.actuate.endpoint.web.EndpointLinksResolver 59 <init> - Exposing 18 endpoint(s) beneath base path '/actuator'
[2019-02-28 17:31:07] INFO  springfox.documentation.spring.web.PropertySourcedRequestMappingHandlerMapping 69 initHandlerMethods - Mapped URL path [/v2/api-docs] onto method [public org.springframework.http.ResponseEntity<springfox.documentation.spring.web.json.Json> springfox.documentation.swagger2.web.Swagger2Controller.getDocumentation(java.lang.String,javax.servlet.http.HttpServletRequest)]
[2019-02-28 17:31:08] INFO  org.springframework.scheduling.concurrent.ExecutorConfigurationSupport 171 initialize - Initializing ExecutorService 'applicationTaskExecutor'
[2019-02-28 17:31:09] INFO  io.lettuce.core.EpollProvider 68 <clinit> - Starting without optional epoll library
[2019-02-28 17:31:09] INFO  io.lettuce.core.KqueueProvider 70 <clinit> - Starting without optional kqueue library
[2019-02-28 17:31:10] INFO  springfox.documentation.spring.web.plugins.DocumentationPluginsBootstrapper 151 start - Context refreshed
[2019-02-28 17:31:10] INFO  springfox.documentation.spring.web.plugins.DocumentationPluginsBootstrapper 154 start - Found 1 custom documentation plugin(s)
[2019-02-28 17:31:10] INFO  springfox.documentation.spring.web.scanners.ApiListingReferenceScanner 41 scan - Scanning for api listing references
[2019-02-28 17:31:10] INFO  springfox.documentation.spring.web.readers.operation.CachingOperationNameGenerator 40 startingWith - Generating unique operation named: getRobotListUsingPOST_1
[2019-02-28 17:31:11] INFO  org.springframework.scheduling.annotation.ScheduledAnnotationBeanPostProcessor 295 finishRegistration - No TaskScheduler/ScheduledExecutorService bean found for scheduled processing
[2019-02-28 17:31:11] INFO  org.springframework.boot.StartupInfoLogger 59 logStarted - Started RobotExtendDaoTest in 11.398 seconds (JVM running for 13.29)
[2019-02-28 17:31:11] INFO  org.springframework.scheduling.concurrent.ExecutorConfigurationSupport 208 shutdown - Shutting down ExecutorService 'applicationTaskExecutor'
[2019-02-28 17:31:13] INFO  com.alibaba.druid.pool.DruidDataSource 1825 close - {dataSource-1} closed
[2019-02-28 17:31:45] INFO  org.springframework.test.context.support.AbstractTestContextBootstrapper 308 buildDefaultMergedContextConfiguration - Neither @ContextConfiguration nor @ContextHierarchy found for test class [com.atmatrix.abr.infrastructure.dao.RobotExtendDaoTest], using SpringBootContextLoader
[2019-02-28 17:31:45] INFO  org.springframework.test.context.support.AbstractContextLoader 264 generateDefaultLocations - Could not detect default resource locations for test class [com.atmatrix.abr.infrastructure.dao.RobotExtendDaoTest]: no resource found for suffixes {-context.xml, Context.groovy}.
[2019-02-28 17:31:45] INFO  org.springframework.test.context.support.AnnotationConfigContextLoaderUtils 83 detectDefaultConfigurationClasses - Could not detect default configuration classes for test class [com.atmatrix.abr.infrastructure.dao.RobotExtendDaoTest]: RobotExtendDaoTest does not declare any static, non-private, non-final, nested classes annotated with @Configuration.
[2019-02-28 17:31:46] INFO  org.springframework.boot.test.context.SpringBootTestContextBootstrapper 247 getOrFindConfigurationClasses - Found @SpringBootConfiguration com.atmatrix.abr.AbrServerApplication for test class com.atmatrix.abr.infrastructure.dao.RobotExtendDaoTest
[2019-02-28 17:31:46] INFO  org.springframework.test.context.support.AbstractTestContextBootstrapper 248 getDefaultTestExecutionListenerClassNames - Loaded default TestExecutionListener class names from location [META-INF/spring.factories]: [org.springframework.boot.test.mock.mockito.MockitoTestExecutionListener, org.springframework.boot.test.mock.mockito.ResetMocksTestExecutionListener, org.springframework.boot.test.autoconfigure.restdocs.RestDocsTestExecutionListener, org.springframework.boot.test.autoconfigure.web.client.MockRestServiceServerResetTestExecutionListener, org.springframework.boot.test.autoconfigure.web.servlet.MockMvcPrintOnlyOnFailureTestExecutionListener, org.springframework.boot.test.autoconfigure.web.servlet.WebDriverTestExecutionListener, org.springframework.test.context.web.ServletTestExecutionListener, org.springframework.test.context.support.DirtiesContextBeforeModesTestExecutionListener, org.springframework.test.context.support.DependencyInjectionTestExecutionListener, org.springframework.test.context.support.DirtiesContextTestExecutionListener, org.springframework.test.context.transaction.TransactionalTestExecutionListener, org.springframework.test.context.jdbc.SqlScriptsTestExecutionListener]
[2019-02-28 17:31:46] INFO  org.springframework.test.context.support.AbstractTestContextBootstrapper 177 getTestExecutionListeners - Using TestExecutionListeners: [org.springframework.test.context.web.ServletTestExecutionListener@13006998, org.springframework.test.context.support.DirtiesContextBeforeModesTestExecutionListener@37fbe4a8, org.springframework.boot.test.mock.mockito.MockitoTestExecutionListener@352c308, org.springframework.boot.test.autoconfigure.SpringBootDependencyInjectionTestExecutionListener@7d373bcf, org.springframework.test.context.support.DirtiesContextTestExecutionListener@6d6bc158, org.springframework.test.context.transaction.TransactionalTestExecutionListener@5dda6f9, org.springframework.test.context.jdbc.SqlScriptsTestExecutionListener@10027fc9, org.springframework.boot.test.mock.mockito.ResetMocksTestExecutionListener@54afd745, org.springframework.boot.test.autoconfigure.restdocs.RestDocsTestExecutionListener@677dbd89, org.springframework.boot.test.autoconfigure.web.client.MockRestServiceServerResetTestExecutionListener@fff25f1, org.springframework.boot.test.autoconfigure.web.servlet.MockMvcPrintOnlyOnFailureTestExecutionListener@c00fff0, org.springframework.boot.test.autoconfigure.web.servlet.WebDriverTestExecutionListener@263f04ca]
[2019-02-28 17:31:46] INFO  org.springframework.boot.StartupInfoLogger 50 logStarting - Starting RobotExtendDaoTest on ZhangSunnydeMacBook-Pro.local with PID 24334 (started by edgeowner in /Users/atmatrix/java-project/abr-server)
[2019-02-28 17:31:46] INFO  org.springframework.boot.SpringApplication 675 logStartupProfileInfo - No active profile set, falling back to default profiles: default
[2019-02-28 17:31:48] INFO  org.springframework.data.repository.config.RepositoryConfigurationDelegate 244 multipleStoresDetected - Multiple Spring Data modules found, entering strict repository configuration mode!
[2019-02-28 17:31:48] INFO  org.springframework.data.repository.config.RepositoryConfigurationDelegate 126 registerRepositoriesIn - Bootstrapping Spring Data repositories in DEFAULT mode.
[2019-02-28 17:31:48] INFO  org.springframework.data.repository.config.RepositoryConfigurationDelegate 182 registerRepositoriesIn - Finished Spring Data repository scanning in 46ms. Found 0 repository interfaces.
[2019-02-28 17:31:49] INFO  org.springframework.context.support.PostProcessorRegistrationDelegate$BeanPostProcessorChecker 330 postProcessAfterInitialization - Bean 'com.alibaba.druid.spring.boot.autoconfigure.stat.DruidSpringAopConfiguration' of type [com.alibaba.druid.spring.boot.autoconfigure.stat.DruidSpringAopConfiguration] is not eligible for getting processed by all BeanPostProcessors (for example: not eligible for auto-proxying)
[2019-02-28 17:31:49] INFO  org.springframework.context.support.PostProcessorRegistrationDelegate$BeanPostProcessorChecker 330 postProcessAfterInitialization - Bean 'org.springframework.transaction.annotation.ProxyTransactionManagementConfiguration' of type [org.springframework.transaction.annotation.ProxyTransactionManagementConfiguration$$EnhancerBySpringCGLIB$$9b4b7e0] is not eligible for getting processed by all BeanPostProcessors (for example: not eligible for auto-proxying)
[2019-02-28 17:31:49] INFO  org.springframework.context.support.PostProcessorRegistrationDelegate$BeanPostProcessorChecker 330 postProcessAfterInitialization - Bean 'spring.datasource.druid-com.alibaba.druid.spring.boot.autoconfigure.properties.DruidStatProperties' of type [com.alibaba.druid.spring.boot.autoconfigure.properties.DruidStatProperties] is not eligible for getting processed by all BeanPostProcessors (for example: not eligible for auto-proxying)
[2019-02-28 17:31:49] INFO  org.springframework.context.support.PostProcessorRegistrationDelegate$BeanPostProcessorChecker 330 postProcessAfterInitialization - Bean 'advisor' of type [org.springframework.aop.support.RegexpMethodPointcutAdvisor] is not eligible for getting processed by all BeanPostProcessors (for example: not eligible for auto-proxying)
[2019-02-28 17:31:49] INFO  com.alibaba.druid.spring.boot.autoconfigure.DruidDataSourceAutoConfigure 56 dataSource - Init DruidDataSource
[2019-02-28 17:31:50] INFO  com.alibaba.druid.pool.DruidDataSource 930 init - {dataSource-1} inited
[2019-02-28 17:31:54] INFO  org.springframework.boot.actuate.endpoint.web.EndpointLinksResolver 59 <init> - Exposing 18 endpoint(s) beneath base path '/actuator'
[2019-02-28 17:31:54] INFO  springfox.documentation.spring.web.PropertySourcedRequestMappingHandlerMapping 69 initHandlerMethods - Mapped URL path [/v2/api-docs] onto method [public org.springframework.http.ResponseEntity<springfox.documentation.spring.web.json.Json> springfox.documentation.swagger2.web.Swagger2Controller.getDocumentation(java.lang.String,javax.servlet.http.HttpServletRequest)]
[2019-02-28 17:31:55] INFO  org.springframework.scheduling.concurrent.ExecutorConfigurationSupport 171 initialize - Initializing ExecutorService 'applicationTaskExecutor'
[2019-02-28 17:31:56] INFO  io.lettuce.core.EpollProvider 68 <clinit> - Starting without optional epoll library
[2019-02-28 17:31:56] INFO  io.lettuce.core.KqueueProvider 70 <clinit> - Starting without optional kqueue library
[2019-02-28 17:31:56] INFO  springfox.documentation.spring.web.plugins.DocumentationPluginsBootstrapper 151 start - Context refreshed
[2019-02-28 17:31:56] INFO  springfox.documentation.spring.web.plugins.DocumentationPluginsBootstrapper 154 start - Found 1 custom documentation plugin(s)
[2019-02-28 17:31:56] INFO  springfox.documentation.spring.web.scanners.ApiListingReferenceScanner 41 scan - Scanning for api listing references
[2019-02-28 17:31:57] INFO  springfox.documentation.spring.web.readers.operation.CachingOperationNameGenerator 40 startingWith - Generating unique operation named: getRobotListUsingPOST_1
[2019-02-28 17:31:57] INFO  org.springframework.scheduling.annotation.ScheduledAnnotationBeanPostProcessor 295 finishRegistration - No TaskScheduler/ScheduledExecutorService bean found for scheduled processing
[2019-02-28 17:31:57] INFO  org.springframework.boot.StartupInfoLogger 59 logStarted - Started RobotExtendDaoTest in 11.376 seconds (JVM running for 13.952)
[2019-02-28 17:32:06] INFO  org.springframework.scheduling.concurrent.ExecutorConfigurationSupport 208 shutdown - Shutting down ExecutorService 'applicationTaskExecutor'
[2019-02-28 19:29:46] INFO  org.springframework.boot.StartupInfoLogger 50 logStarting - Starting AbrServerApplication on ZhangSunnydeMacBook-Pro.local with PID 25947 (/Users/atmatrix/java-project/abr-server/target/classes started by edgeowner in /Users/atmatrix/java-project/abr-server)
[2019-02-28 19:29:46] INFO  org.springframework.boot.SpringApplication 679 logStartupProfileInfo - The following profiles are active: http://localhost:8080/abr/swagger-ui.html
[2019-02-28 19:29:46] INFO  org.springframework.boot.logging.DeferredLog 227 logTo - Devtools property defaults active! Set 'spring.devtools.add-properties' to 'false' to disable
[2019-02-28 19:29:46] INFO  org.springframework.boot.logging.DeferredLog 227 logTo - For additional web related logging consider setting the 'logging.level.web' property to 'DEBUG'
[2019-02-28 19:29:47] INFO  org.springframework.data.repository.config.RepositoryConfigurationDelegate 244 multipleStoresDetected - Multiple Spring Data modules found, entering strict repository configuration mode!
[2019-02-28 19:29:47] INFO  org.springframework.data.repository.config.RepositoryConfigurationDelegate 126 registerRepositoriesIn - Bootstrapping Spring Data repositories in DEFAULT mode.
[2019-02-28 19:29:48] INFO  org.springframework.data.repository.config.RepositoryConfigurationDelegate 182 registerRepositoriesIn - Finished Spring Data repository scanning in 35ms. Found 0 repository interfaces.
[2019-02-28 19:29:48] INFO  org.springframework.context.support.PostProcessorRegistrationDelegate$BeanPostProcessorChecker 330 postProcessAfterInitialization - Bean 'com.alibaba.druid.spring.boot.autoconfigure.stat.DruidSpringAopConfiguration' of type [com.alibaba.druid.spring.boot.autoconfigure.stat.DruidSpringAopConfiguration] is not eligible for getting processed by all BeanPostProcessors (for example: not eligible for auto-proxying)
[2019-02-28 19:29:48] INFO  org.springframework.context.support.PostProcessorRegistrationDelegate$BeanPostProcessorChecker 330 postProcessAfterInitialization - Bean 'org.springframework.transaction.annotation.ProxyTransactionManagementConfiguration' of type [org.springframework.transaction.annotation.ProxyTransactionManagementConfiguration$$EnhancerBySpringCGLIB$$da446e37] is not eligible for getting processed by all BeanPostProcessors (for example: not eligible for auto-proxying)
[2019-02-28 19:29:48] INFO  org.springframework.context.support.PostProcessorRegistrationDelegate$BeanPostProcessorChecker 330 postProcessAfterInitialization - Bean 'spring.datasource.druid-com.alibaba.druid.spring.boot.autoconfigure.properties.DruidStatProperties' of type [com.alibaba.druid.spring.boot.autoconfigure.properties.DruidStatProperties] is not eligible for getting processed by all BeanPostProcessors (for example: not eligible for auto-proxying)
[2019-02-28 19:29:48] INFO  org.springframework.context.support.PostProcessorRegistrationDelegate$BeanPostProcessorChecker 330 postProcessAfterInitialization - Bean 'advisor' of type [org.springframework.aop.support.RegexpMethodPointcutAdvisor] is not eligible for getting processed by all BeanPostProcessors (for example: not eligible for auto-proxying)
[2019-02-28 19:29:49] INFO  org.springframework.boot.web.embedded.tomcat.TomcatWebServer 90 initialize - Tomcat initialized with port(s): 8080 (http)
[2019-02-28 19:29:49] INFO  org.apache.juli.logging.DirectJDKLog 173 log - Starting service [Tomcat]
[2019-02-28 19:29:49] INFO  org.apache.juli.logging.DirectJDKLog 173 log - Starting Servlet engine: [Apache Tomcat/9.0.16]
[2019-02-28 19:29:49] INFO  org.apache.juli.logging.DirectJDKLog 173 log - The APR based Apache Tomcat Native library which allows optimal performance in production environments was not found on the java.library.path: [/Users/atmatrix/Library/Java/Extensions:/Library/Java/Extensions:/Network/Library/Java/Extensions:/System/Library/Java/Extensions:/usr/lib/java:.]
[2019-02-28 19:29:49] INFO  org.apache.juli.logging.DirectJDKLog 173 log - Initializing Spring embedded WebApplicationContext
[2019-02-28 19:29:49] INFO  org.springframework.boot.web.servlet.context.ServletWebServerApplicationContext 296 prepareWebApplicationContext - Root WebApplicationContext: initialization completed in 2654 ms
[2019-02-28 19:29:49] INFO  com.alibaba.druid.spring.boot.autoconfigure.DruidDataSourceAutoConfigure 56 dataSource - Init DruidDataSource
[2019-02-28 19:29:50] INFO  com.alibaba.druid.pool.DruidDataSource 930 init - {dataSource-1} inited
[2019-02-28 19:29:50] INFO  org.springframework.boot.actuate.endpoint.web.ServletEndpointRegistrar 78 register - Registered '/actuator/jolokia' to jolokia-actuator-endpoint
[2019-02-28 19:29:51] INFO  com.alibaba.druid.pool.DruidDataSource 1825 close - {dataSource-1} closed
[2019-02-28 19:29:51] INFO  org.apache.juli.logging.DirectJDKLog 173 log - Stopping service [Tomcat]
[2019-02-28 19:29:51] INFO  org.springframework.boot.autoconfigure.logging.ConditionEvaluationReportLoggingListener 142 logMessage - 

Error starting ApplicationContext. To display the conditions report re-run your application with 'debug' enabled.
[2019-02-28 19:31:48] INFO  org.springframework.boot.StartupInfoLogger 50 logStarting - Starting AbrServerApplication on ZhangSunnydeMacBook-Pro.local with PID 25976 (/Users/atmatrix/java-project/abr-server/target/classes started by edgeowner in /Users/atmatrix/java-project/abr-server)
[2019-02-28 19:31:48] INFO  org.springframework.boot.SpringApplication 679 logStartupProfileInfo - The following profiles are active: http://localhost:8080/abr/swagger-ui.html
[2019-02-28 19:31:48] INFO  org.springframework.boot.logging.DeferredLog 227 logTo - Devtools property defaults active! Set 'spring.devtools.add-properties' to 'false' to disable
[2019-02-28 19:31:48] INFO  org.springframework.boot.logging.DeferredLog 227 logTo - For additional web related logging consider setting the 'logging.level.web' property to 'DEBUG'
[2019-02-28 19:31:49] INFO  org.springframework.data.repository.config.RepositoryConfigurationDelegate 244 multipleStoresDetected - Multiple Spring Data modules found, entering strict repository configuration mode!
[2019-02-28 19:31:49] INFO  org.springframework.data.repository.config.RepositoryConfigurationDelegate 126 registerRepositoriesIn - Bootstrapping Spring Data repositories in DEFAULT mode.
[2019-02-28 19:31:49] INFO  org.springframework.data.repository.config.RepositoryConfigurationDelegate 182 registerRepositoriesIn - Finished Spring Data repository scanning in 34ms. Found 0 repository interfaces.
[2019-02-28 19:31:49] INFO  org.springframework.context.support.PostProcessorRegistrationDelegate$BeanPostProcessorChecker 330 postProcessAfterInitialization - Bean 'com.alibaba.druid.spring.boot.autoconfigure.stat.DruidSpringAopConfiguration' of type [com.alibaba.druid.spring.boot.autoconfigure.stat.DruidSpringAopConfiguration] is not eligible for getting processed by all BeanPostProcessors (for example: not eligible for auto-proxying)
[2019-02-28 19:31:49] INFO  org.springframework.context.support.PostProcessorRegistrationDelegate$BeanPostProcessorChecker 330 postProcessAfterInitialization - Bean 'org.springframework.transaction.annotation.ProxyTransactionManagementConfiguration' of type [org.springframework.transaction.annotation.ProxyTransactionManagementConfiguration$$EnhancerBySpringCGLIB$$67e2b3e1] is not eligible for getting processed by all BeanPostProcessors (for example: not eligible for auto-proxying)
[2019-02-28 19:31:50] INFO  org.springframework.context.support.PostProcessorRegistrationDelegate$BeanPostProcessorChecker 330 postProcessAfterInitialization - Bean 'spring.datasource.druid-com.alibaba.druid.spring.boot.autoconfigure.properties.DruidStatProperties' of type [com.alibaba.druid.spring.boot.autoconfigure.properties.DruidStatProperties] is not eligible for getting processed by all BeanPostProcessors (for example: not eligible for auto-proxying)
[2019-02-28 19:31:50] INFO  org.springframework.context.support.PostProcessorRegistrationDelegate$BeanPostProcessorChecker 330 postProcessAfterInitialization - Bean 'advisor' of type [org.springframework.aop.support.RegexpMethodPointcutAdvisor] is not eligible for getting processed by all BeanPostProcessors (for example: not eligible for auto-proxying)
[2019-02-28 19:31:50] INFO  org.springframework.boot.web.embedded.tomcat.TomcatWebServer 90 initialize - Tomcat initialized with port(s): 8080 (http)
[2019-02-28 19:31:50] INFO  org.apache.juli.logging.DirectJDKLog 173 log - Starting service [Tomcat]
[2019-02-28 19:31:50] INFO  org.apache.juli.logging.DirectJDKLog 173 log - Starting Servlet engine: [Apache Tomcat/9.0.16]
[2019-02-28 19:31:50] INFO  org.apache.juli.logging.DirectJDKLog 173 log - The APR based Apache Tomcat Native library which allows optimal performance in production environments was not found on the java.library.path: [/Users/atmatrix/Library/Java/Extensions:/Library/Java/Extensions:/Network/Library/Java/Extensions:/System/Library/Java/Extensions:/usr/lib/java:.]
[2019-02-28 19:31:50] INFO  org.apache.juli.logging.DirectJDKLog 173 log - Initializing Spring embedded WebApplicationContext
[2019-02-28 19:31:50] INFO  org.springframework.boot.web.servlet.context.ServletWebServerApplicationContext 296 prepareWebApplicationContext - Root WebApplicationContext: initialization completed in 2312 ms
[2019-02-28 19:31:51] INFO  com.alibaba.druid.spring.boot.autoconfigure.DruidDataSourceAutoConfigure 56 dataSource - Init DruidDataSource
[2019-02-28 19:31:51] INFO  com.alibaba.druid.pool.DruidDataSource 930 init - {dataSource-1} inited
[2019-02-28 19:31:51] INFO  org.springframework.boot.actuate.endpoint.web.ServletEndpointRegistrar 78 register - Registered '/actuator/jolokia' to jolokia-actuator-endpoint
[2019-02-28 19:31:52] INFO  com.alibaba.druid.pool.DruidDataSource 1825 close - {dataSource-1} closed
[2019-02-28 19:31:52] INFO  org.apache.juli.logging.DirectJDKLog 173 log - Stopping service [Tomcat]
[2019-02-28 19:31:52] INFO  org.springframework.boot.autoconfigure.logging.ConditionEvaluationReportLoggingListener 142 logMessage - 

Error starting ApplicationContext. To display the conditions report re-run your application with 'debug' enabled.
[2019-02-28 20:08:52] INFO  org.springframework.test.context.support.AbstractTestContextBootstrapper 308 buildDefaultMergedContextConfiguration - Neither @ContextConfiguration nor @ContextHierarchy found for test class [com.atmatrix.abr.infrastructure.dao.ExceRobotMapperTest], using SpringBootContextLoader
[2019-02-28 20:08:52] INFO  org.springframework.test.context.support.AbstractContextLoader 264 generateDefaultLocations - Could not detect default resource locations for test class [com.atmatrix.abr.infrastructure.dao.ExceRobotMapperTest]: no resource found for suffixes {-context.xml, Context.groovy}.
[2019-02-28 20:08:52] INFO  org.springframework.test.context.support.AnnotationConfigContextLoaderUtils 83 detectDefaultConfigurationClasses - Could not detect default configuration classes for test class [com.atmatrix.abr.infrastructure.dao.ExceRobotMapperTest]: ExceRobotMapperTest does not declare any static, non-private, non-final, nested classes annotated with @Configuration.
[2019-02-28 20:08:52] INFO  org.springframework.boot.test.context.SpringBootTestContextBootstrapper 247 getOrFindConfigurationClasses - Found @SpringBootConfiguration com.atmatrix.abr.AbrServerApplication for test class com.atmatrix.abr.infrastructure.dao.ExceRobotMapperTest
[2019-02-28 20:08:52] INFO  org.springframework.test.context.support.AbstractTestContextBootstrapper 248 getDefaultTestExecutionListenerClassNames - Loaded default TestExecutionListener class names from location [META-INF/spring.factories]: [org.springframework.boot.test.mock.mockito.MockitoTestExecutionListener, org.springframework.boot.test.mock.mockito.ResetMocksTestExecutionListener, org.springframework.boot.test.autoconfigure.restdocs.RestDocsTestExecutionListener, org.springframework.boot.test.autoconfigure.web.client.MockRestServiceServerResetTestExecutionListener, org.springframework.boot.test.autoconfigure.web.servlet.MockMvcPrintOnlyOnFailureTestExecutionListener, org.springframework.boot.test.autoconfigure.web.servlet.WebDriverTestExecutionListener, org.springframework.test.context.web.ServletTestExecutionListener, org.springframework.test.context.support.DirtiesContextBeforeModesTestExecutionListener, org.springframework.test.context.support.DependencyInjectionTestExecutionListener, org.springframework.test.context.support.DirtiesContextTestExecutionListener, org.springframework.test.context.transaction.TransactionalTestExecutionListener, org.springframework.test.context.jdbc.SqlScriptsTestExecutionListener]
[2019-02-28 20:08:52] INFO  org.springframework.test.context.support.AbstractTestContextBootstrapper 177 getTestExecutionListeners - Using TestExecutionListeners: [org.springframework.test.context.web.ServletTestExecutionListener@791d1f8b, org.springframework.test.context.support.DirtiesContextBeforeModesTestExecutionListener@2415fc55, org.springframework.boot.test.mock.mockito.MockitoTestExecutionListener@14f232c4, org.springframework.boot.test.autoconfigure.SpringBootDependencyInjectionTestExecutionListener@13bc8645, org.springframework.test.context.support.DirtiesContextTestExecutionListener@24c22fe, org.springframework.test.context.transaction.TransactionalTestExecutionListener@93081b6, org.springframework.test.context.jdbc.SqlScriptsTestExecutionListener@cd1e646, org.springframework.boot.test.mock.mockito.ResetMocksTestExecutionListener@7ba8c737, org.springframework.boot.test.autoconfigure.restdocs.RestDocsTestExecutionListener@1890516e, org.springframework.boot.test.autoconfigure.web.client.MockRestServiceServerResetTestExecutionListener@15a04efb, org.springframework.boot.test.autoconfigure.web.servlet.MockMvcPrintOnlyOnFailureTestExecutionListener@16c069df, org.springframework.boot.test.autoconfigure.web.servlet.WebDriverTestExecutionListener@2bec854f]
[2019-02-28 20:08:53] INFO  org.springframework.boot.StartupInfoLogger 50 logStarting - Starting ExceRobotMapperTest on ZhangSunnydeMacBook-Pro.local with PID 26519 (started by edgeowner in /Users/atmatrix/java-project/abr-server)
[2019-02-28 20:08:53] INFO  org.springframework.boot.SpringApplication 675 logStartupProfileInfo - No active profile set, falling back to default profiles: default
[2019-02-28 20:08:55] INFO  org.springframework.data.repository.config.RepositoryConfigurationDelegate 244 multipleStoresDetected - Multiple Spring Data modules found, entering strict repository configuration mode!
[2019-02-28 20:08:55] INFO  org.springframework.data.repository.config.RepositoryConfigurationDelegate 126 registerRepositoriesIn - Bootstrapping Spring Data repositories in DEFAULT mode.
[2019-02-28 20:08:55] INFO  org.springframework.data.repository.config.RepositoryConfigurationDelegate 182 registerRepositoriesIn - Finished Spring Data repository scanning in 145ms. Found 0 repository interfaces.
[2019-02-28 20:08:55] INFO  org.springframework.context.support.PostProcessorRegistrationDelegate$BeanPostProcessorChecker 330 postProcessAfterInitialization - Bean 'com.alibaba.druid.spring.boot.autoconfigure.stat.DruidSpringAopConfiguration' of type [com.alibaba.druid.spring.boot.autoconfigure.stat.DruidSpringAopConfiguration] is not eligible for getting processed by all BeanPostProcessors (for example: not eligible for auto-proxying)
[2019-02-28 20:08:56] INFO  org.springframework.context.support.PostProcessorRegistrationDelegate$BeanPostProcessorChecker 330 postProcessAfterInitialization - Bean 'org.springframework.transaction.annotation.ProxyTransactionManagementConfiguration' of type [org.springframework.transaction.annotation.ProxyTransactionManagementConfiguration$$EnhancerBySpringCGLIB$$50d73d97] is not eligible for getting processed by all BeanPostProcessors (for example: not eligible for auto-proxying)
[2019-02-28 20:08:56] INFO  org.springframework.context.support.PostProcessorRegistrationDelegate$BeanPostProcessorChecker 330 postProcessAfterInitialization - Bean 'spring.datasource.druid-com.alibaba.druid.spring.boot.autoconfigure.properties.DruidStatProperties' of type [com.alibaba.druid.spring.boot.autoconfigure.properties.DruidStatProperties] is not eligible for getting processed by all BeanPostProcessors (for example: not eligible for auto-proxying)
[2019-02-28 20:08:56] INFO  org.springframework.context.support.PostProcessorRegistrationDelegate$BeanPostProcessorChecker 330 postProcessAfterInitialization - Bean 'advisor' of type [org.springframework.aop.support.RegexpMethodPointcutAdvisor] is not eligible for getting processed by all BeanPostProcessors (for example: not eligible for auto-proxying)
[2019-02-28 20:08:56] INFO  com.alibaba.druid.spring.boot.autoconfigure.DruidDataSourceAutoConfigure 56 dataSource - Init DruidDataSource
[2019-02-28 20:08:57] INFO  com.alibaba.druid.pool.DruidDataSource 930 init - {dataSource-1} inited
[2019-02-28 20:09:01] INFO  org.springframework.boot.actuate.endpoint.web.EndpointLinksResolver 59 <init> - Exposing 18 endpoint(s) beneath base path '/actuator'
[2019-02-28 20:09:01] INFO  springfox.documentation.spring.web.PropertySourcedRequestMappingHandlerMapping 69 initHandlerMethods - Mapped URL path [/v2/api-docs] onto method [public org.springframework.http.ResponseEntity<springfox.documentation.spring.web.json.Json> springfox.documentation.swagger2.web.Swagger2Controller.getDocumentation(java.lang.String,javax.servlet.http.HttpServletRequest)]
[2019-02-28 20:09:02] INFO  org.springframework.scheduling.concurrent.ExecutorConfigurationSupport 171 initialize - Initializing ExecutorService 'applicationTaskExecutor'
[2019-02-28 20:09:03] INFO  io.lettuce.core.EpollProvider 68 <clinit> - Starting without optional epoll library
[2019-02-28 20:09:03] INFO  io.lettuce.core.KqueueProvider 70 <clinit> - Starting without optional kqueue library
[2019-02-28 20:09:04] INFO  springfox.documentation.spring.web.plugins.DocumentationPluginsBootstrapper 151 start - Context refreshed
[2019-02-28 20:09:04] INFO  springfox.documentation.spring.web.plugins.DocumentationPluginsBootstrapper 154 start - Found 1 custom documentation plugin(s)
[2019-02-28 20:09:04] INFO  springfox.documentation.spring.web.scanners.ApiListingReferenceScanner 41 scan - Scanning for api listing references
[2019-02-28 20:09:05] INFO  org.springframework.scheduling.annotation.ScheduledAnnotationBeanPostProcessor 295 finishRegistration - No TaskScheduler/ScheduledExecutorService bean found for scheduled processing
[2019-02-28 20:09:05] INFO  org.springframework.boot.StartupInfoLogger 59 logStarted - Started ExceRobotMapperTest in 12.696 seconds (JVM running for 14.724)
[2019-02-28 20:09:05] INFO  org.springframework.scheduling.concurrent.ExecutorConfigurationSupport 208 shutdown - Shutting down ExecutorService 'applicationTaskExecutor'
[2019-02-28 20:09:06] INFO  com.alibaba.druid.pool.DruidDataSource 1825 close - {dataSource-1} closed
[2019-02-28 20:09:48] INFO  org.springframework.test.context.support.AbstractTestContextBootstrapper 308 buildDefaultMergedContextConfiguration - Neither @ContextConfiguration nor @ContextHierarchy found for test class [com.atmatrix.abr.infrastructure.dao.ExceRobotMapperTest], using SpringBootContextLoader
[2019-02-28 20:09:48] INFO  org.springframework.test.context.support.AbstractContextLoader 264 generateDefaultLocations - Could not detect default resource locations for test class [com.atmatrix.abr.infrastructure.dao.ExceRobotMapperTest]: no resource found for suffixes {-context.xml, Context.groovy}.
[2019-02-28 20:09:48] INFO  org.springframework.test.context.support.AnnotationConfigContextLoaderUtils 83 detectDefaultConfigurationClasses - Could not detect default configuration classes for test class [com.atmatrix.abr.infrastructure.dao.ExceRobotMapperTest]: ExceRobotMapperTest does not declare any static, non-private, non-final, nested classes annotated with @Configuration.
[2019-02-28 20:09:48] INFO  org.springframework.boot.test.context.SpringBootTestContextBootstrapper 247 getOrFindConfigurationClasses - Found @SpringBootConfiguration com.atmatrix.abr.AbrServerApplication for test class com.atmatrix.abr.infrastructure.dao.ExceRobotMapperTest
[2019-02-28 20:09:49] INFO  org.springframework.test.context.support.AbstractTestContextBootstrapper 248 getDefaultTestExecutionListenerClassNames - Loaded default TestExecutionListener class names from location [META-INF/spring.factories]: [org.springframework.boot.test.mock.mockito.MockitoTestExecutionListener, org.springframework.boot.test.mock.mockito.ResetMocksTestExecutionListener, org.springframework.boot.test.autoconfigure.restdocs.RestDocsTestExecutionListener, org.springframework.boot.test.autoconfigure.web.client.MockRestServiceServerResetTestExecutionListener, org.springframework.boot.test.autoconfigure.web.servlet.MockMvcPrintOnlyOnFailureTestExecutionListener, org.springframework.boot.test.autoconfigure.web.servlet.WebDriverTestExecutionListener, org.springframework.test.context.web.ServletTestExecutionListener, org.springframework.test.context.support.DirtiesContextBeforeModesTestExecutionListener, org.springframework.test.context.support.DependencyInjectionTestExecutionListener, org.springframework.test.context.support.DirtiesContextTestExecutionListener, org.springframework.test.context.transaction.TransactionalTestExecutionListener, org.springframework.test.context.jdbc.SqlScriptsTestExecutionListener]
[2019-02-28 20:09:49] INFO  org.springframework.test.context.support.AbstractTestContextBootstrapper 177 getTestExecutionListeners - Using TestExecutionListeners: [org.springframework.test.context.web.ServletTestExecutionListener@791d1f8b, org.springframework.test.context.support.DirtiesContextBeforeModesTestExecutionListener@2415fc55, org.springframework.boot.test.mock.mockito.MockitoTestExecutionListener@14f232c4, org.springframework.boot.test.autoconfigure.SpringBootDependencyInjectionTestExecutionListener@13bc8645, org.springframework.test.context.support.DirtiesContextTestExecutionListener@24c22fe, org.springframework.test.context.transaction.TransactionalTestExecutionListener@93081b6, org.springframework.test.context.jdbc.SqlScriptsTestExecutionListener@cd1e646, org.springframework.boot.test.mock.mockito.ResetMocksTestExecutionListener@7ba8c737, org.springframework.boot.test.autoconfigure.restdocs.RestDocsTestExecutionListener@1890516e, org.springframework.boot.test.autoconfigure.web.client.MockRestServiceServerResetTestExecutionListener@15a04efb, org.springframework.boot.test.autoconfigure.web.servlet.MockMvcPrintOnlyOnFailureTestExecutionListener@16c069df, org.springframework.boot.test.autoconfigure.web.servlet.WebDriverTestExecutionListener@2bec854f]
[2019-02-28 20:09:49] INFO  org.springframework.boot.StartupInfoLogger 50 logStarting - Starting ExceRobotMapperTest on ZhangSunnydeMacBook-Pro.local with PID 26533 (started by edgeowner in /Users/atmatrix/java-project/abr-server)
[2019-02-28 20:09:49] INFO  org.springframework.boot.SpringApplication 675 logStartupProfileInfo - No active profile set, falling back to default profiles: default
[2019-02-28 20:09:51] INFO  org.springframework.data.repository.config.RepositoryConfigurationDelegate 244 multipleStoresDetected - Multiple Spring Data modules found, entering strict repository configuration mode!
[2019-02-28 20:09:51] INFO  org.springframework.data.repository.config.RepositoryConfigurationDelegate 126 registerRepositoriesIn - Bootstrapping Spring Data repositories in DEFAULT mode.
[2019-02-28 20:09:51] INFO  org.springframework.data.repository.config.RepositoryConfigurationDelegate 182 registerRepositoriesIn - Finished Spring Data repository scanning in 49ms. Found 0 repository interfaces.
[2019-02-28 20:09:51] INFO  org.springframework.context.support.PostProcessorRegistrationDelegate$BeanPostProcessorChecker 330 postProcessAfterInitialization - Bean 'com.alibaba.druid.spring.boot.autoconfigure.stat.DruidSpringAopConfiguration' of type [com.alibaba.druid.spring.boot.autoconfigure.stat.DruidSpringAopConfiguration] is not eligible for getting processed by all BeanPostProcessors (for example: not eligible for auto-proxying)
[2019-02-28 20:09:52] INFO  org.springframework.context.support.PostProcessorRegistrationDelegate$BeanPostProcessorChecker 330 postProcessAfterInitialization - Bean 'org.springframework.transaction.annotation.ProxyTransactionManagementConfiguration' of type [org.springframework.transaction.annotation.ProxyTransactionManagementConfiguration$$EnhancerBySpringCGLIB$$225d64bf] is not eligible for getting processed by all BeanPostProcessors (for example: not eligible for auto-proxying)
[2019-02-28 20:09:52] INFO  org.springframework.context.support.PostProcessorRegistrationDelegate$BeanPostProcessorChecker 330 postProcessAfterInitialization - Bean 'spring.datasource.druid-com.alibaba.druid.spring.boot.autoconfigure.properties.DruidStatProperties' of type [com.alibaba.druid.spring.boot.autoconfigure.properties.DruidStatProperties] is not eligible for getting processed by all BeanPostProcessors (for example: not eligible for auto-proxying)
[2019-02-28 20:09:52] INFO  org.springframework.context.support.PostProcessorRegistrationDelegate$BeanPostProcessorChecker 330 postProcessAfterInitialization - Bean 'advisor' of type [org.springframework.aop.support.RegexpMethodPointcutAdvisor] is not eligible for getting processed by all BeanPostProcessors (for example: not eligible for auto-proxying)
[2019-02-28 20:09:52] INFO  com.alibaba.druid.spring.boot.autoconfigure.DruidDataSourceAutoConfigure 56 dataSource - Init DruidDataSource
[2019-02-28 20:09:53] INFO  com.alibaba.druid.pool.DruidDataSource 930 init - {dataSource-1} inited
[2019-02-28 20:09:57] INFO  org.springframework.boot.actuate.endpoint.web.EndpointLinksResolver 59 <init> - Exposing 18 endpoint(s) beneath base path '/actuator'
[2019-02-28 20:09:57] INFO  springfox.documentation.spring.web.PropertySourcedRequestMappingHandlerMapping 69 initHandlerMethods - Mapped URL path [/v2/api-docs] onto method [public org.springframework.http.ResponseEntity<springfox.documentation.spring.web.json.Json> springfox.documentation.swagger2.web.Swagger2Controller.getDocumentation(java.lang.String,javax.servlet.http.HttpServletRequest)]
[2019-02-28 20:09:57] INFO  org.springframework.scheduling.concurrent.ExecutorConfigurationSupport 171 initialize - Initializing ExecutorService 'applicationTaskExecutor'
[2019-02-28 20:09:58] INFO  io.lettuce.core.EpollProvider 68 <clinit> - Starting without optional epoll library
[2019-02-28 20:09:58] INFO  io.lettuce.core.KqueueProvider 70 <clinit> - Starting without optional kqueue library
[2019-02-28 20:09:59] INFO  springfox.documentation.spring.web.plugins.DocumentationPluginsBootstrapper 151 start - Context refreshed
[2019-02-28 20:09:59] INFO  springfox.documentation.spring.web.plugins.DocumentationPluginsBootstrapper 154 start - Found 1 custom documentation plugin(s)
[2019-02-28 20:09:59] INFO  springfox.documentation.spring.web.scanners.ApiListingReferenceScanner 41 scan - Scanning for api listing references
[2019-02-28 20:10:00] INFO  org.springframework.scheduling.annotation.ScheduledAnnotationBeanPostProcessor 295 finishRegistration - No TaskScheduler/ScheduledExecutorService bean found for scheduled processing
[2019-02-28 20:10:00] INFO  org.springframework.boot.StartupInfoLogger 59 logStarted - Started ExceRobotMapperTest in 11.104 seconds (JVM running for 12.98)
[2019-02-28 20:10:00] INFO  org.springframework.scheduling.concurrent.ExecutorConfigurationSupport 208 shutdown - Shutting down ExecutorService 'applicationTaskExecutor'
[2019-02-28 20:10:01] INFO  com.alibaba.druid.pool.DruidDataSource 1825 close - {dataSource-1} closed
[2019-02-28 20:10:24] INFO  org.springframework.test.context.support.AbstractTestContextBootstrapper 308 buildDefaultMergedContextConfiguration - Neither @ContextConfiguration nor @ContextHierarchy found for test class [com.atmatrix.abr.infrastructure.dao.ExceRobotMapperTest], using SpringBootContextLoader
[2019-02-28 20:10:24] INFO  org.springframework.test.context.support.AbstractContextLoader 264 generateDefaultLocations - Could not detect default resource locations for test class [com.atmatrix.abr.infrastructure.dao.ExceRobotMapperTest]: no resource found for suffixes {-context.xml, Context.groovy}.
[2019-02-28 20:10:24] INFO  org.springframework.test.context.support.AnnotationConfigContextLoaderUtils 83 detectDefaultConfigurationClasses - Could not detect default configuration classes for test class [com.atmatrix.abr.infrastructure.dao.ExceRobotMapperTest]: ExceRobotMapperTest does not declare any static, non-private, non-final, nested classes annotated with @Configuration.
[2019-02-28 20:10:25] INFO  org.springframework.boot.test.context.SpringBootTestContextBootstrapper 247 getOrFindConfigurationClasses - Found @SpringBootConfiguration com.atmatrix.abr.AbrServerApplication for test class com.atmatrix.abr.infrastructure.dao.ExceRobotMapperTest
[2019-02-28 20:10:25] INFO  org.springframework.test.context.support.AbstractTestContextBootstrapper 248 getDefaultTestExecutionListenerClassNames - Loaded default TestExecutionListener class names from location [META-INF/spring.factories]: [org.springframework.boot.test.mock.mockito.MockitoTestExecutionListener, org.springframework.boot.test.mock.mockito.ResetMocksTestExecutionListener, org.springframework.boot.test.autoconfigure.restdocs.RestDocsTestExecutionListener, org.springframework.boot.test.autoconfigure.web.client.MockRestServiceServerResetTestExecutionListener, org.springframework.boot.test.autoconfigure.web.servlet.MockMvcPrintOnlyOnFailureTestExecutionListener, org.springframework.boot.test.autoconfigure.web.servlet.WebDriverTestExecutionListener, org.springframework.test.context.web.ServletTestExecutionListener, org.springframework.test.context.support.DirtiesContextBeforeModesTestExecutionListener, org.springframework.test.context.support.DependencyInjectionTestExecutionListener, org.springframework.test.context.support.DirtiesContextTestExecutionListener, org.springframework.test.context.transaction.TransactionalTestExecutionListener, org.springframework.test.context.jdbc.SqlScriptsTestExecutionListener]
[2019-02-28 20:10:25] INFO  org.springframework.test.context.support.AbstractTestContextBootstrapper 177 getTestExecutionListeners - Using TestExecutionListeners: [org.springframework.test.context.web.ServletTestExecutionListener@791d1f8b, org.springframework.test.context.support.DirtiesContextBeforeModesTestExecutionListener@2415fc55, org.springframework.boot.test.mock.mockito.MockitoTestExecutionListener@14f232c4, org.springframework.boot.test.autoconfigure.SpringBootDependencyInjectionTestExecutionListener@13bc8645, org.springframework.test.context.support.DirtiesContextTestExecutionListener@24c22fe, org.springframework.test.context.transaction.TransactionalTestExecutionListener@93081b6, org.springframework.test.context.jdbc.SqlScriptsTestExecutionListener@cd1e646, org.springframework.boot.test.mock.mockito.ResetMocksTestExecutionListener@7ba8c737, org.springframework.boot.test.autoconfigure.restdocs.RestDocsTestExecutionListener@1890516e, org.springframework.boot.test.autoconfigure.web.client.MockRestServiceServerResetTestExecutionListener@15a04efb, org.springframework.boot.test.autoconfigure.web.servlet.MockMvcPrintOnlyOnFailureTestExecutionListener@16c069df, org.springframework.boot.test.autoconfigure.web.servlet.WebDriverTestExecutionListener@2bec854f]
[2019-02-28 20:10:25] INFO  org.springframework.boot.StartupInfoLogger 50 logStarting - Starting ExceRobotMapperTest on ZhangSunnydeMacBook-Pro.local with PID 26545 (started by edgeowner in /Users/atmatrix/java-project/abr-server)
[2019-02-28 20:10:25] INFO  org.springframework.boot.SpringApplication 675 logStartupProfileInfo - No active profile set, falling back to default profiles: default
[2019-02-28 20:10:27] INFO  org.springframework.data.repository.config.RepositoryConfigurationDelegate 244 multipleStoresDetected - Multiple Spring Data modules found, entering strict repository configuration mode!
[2019-02-28 20:10:27] INFO  org.springframework.data.repository.config.RepositoryConfigurationDelegate 126 registerRepositoriesIn - Bootstrapping Spring Data repositories in DEFAULT mode.
[2019-02-28 20:10:27] INFO  org.springframework.data.repository.config.RepositoryConfigurationDelegate 182 registerRepositoriesIn - Finished Spring Data repository scanning in 41ms. Found 0 repository interfaces.
[2019-02-28 20:10:27] INFO  org.springframework.context.support.PostProcessorRegistrationDelegate$BeanPostProcessorChecker 330 postProcessAfterInitialization - Bean 'com.alibaba.druid.spring.boot.autoconfigure.stat.DruidSpringAopConfiguration' of type [com.alibaba.druid.spring.boot.autoconfigure.stat.DruidSpringAopConfiguration] is not eligible for getting processed by all BeanPostProcessors (for example: not eligible for auto-proxying)
[2019-02-28 20:10:27] INFO  org.springframework.context.support.PostProcessorRegistrationDelegate$BeanPostProcessorChecker 330 postProcessAfterInitialization - Bean 'org.springframework.transaction.annotation.ProxyTransactionManagementConfiguration' of type [org.springframework.transaction.annotation.ProxyTransactionManagementConfiguration$$EnhancerBySpringCGLIB$$225d64bf] is not eligible for getting processed by all BeanPostProcessors (for example: not eligible for auto-proxying)
[2019-02-28 20:10:28] INFO  org.springframework.context.support.PostProcessorRegistrationDelegate$BeanPostProcessorChecker 330 postProcessAfterInitialization - Bean 'spring.datasource.druid-com.alibaba.druid.spring.boot.autoconfigure.properties.DruidStatProperties' of type [com.alibaba.druid.spring.boot.autoconfigure.properties.DruidStatProperties] is not eligible for getting processed by all BeanPostProcessors (for example: not eligible for auto-proxying)
[2019-02-28 20:10:28] INFO  org.springframework.context.support.PostProcessorRegistrationDelegate$BeanPostProcessorChecker 330 postProcessAfterInitialization - Bean 'advisor' of type [org.springframework.aop.support.RegexpMethodPointcutAdvisor] is not eligible for getting processed by all BeanPostProcessors (for example: not eligible for auto-proxying)
[2019-02-28 20:10:28] INFO  com.alibaba.druid.spring.boot.autoconfigure.DruidDataSourceAutoConfigure 56 dataSource - Init DruidDataSource
[2019-02-28 20:10:29] INFO  com.alibaba.druid.pool.DruidDataSource 930 init - {dataSource-1} inited
[2019-02-28 20:10:32] INFO  org.springframework.boot.actuate.endpoint.web.EndpointLinksResolver 59 <init> - Exposing 18 endpoint(s) beneath base path '/actuator'
[2019-02-28 20:10:32] INFO  springfox.documentation.spring.web.PropertySourcedRequestMappingHandlerMapping 69 initHandlerMethods - Mapped URL path [/v2/api-docs] onto method [public org.springframework.http.ResponseEntity<springfox.documentation.spring.web.json.Json> springfox.documentation.swagger2.web.Swagger2Controller.getDocumentation(java.lang.String,javax.servlet.http.HttpServletRequest)]
[2019-02-28 20:10:33] INFO  org.springframework.scheduling.concurrent.ExecutorConfigurationSupport 171 initialize - Initializing ExecutorService 'applicationTaskExecutor'
[2019-02-28 20:10:34] INFO  io.lettuce.core.EpollProvider 68 <clinit> - Starting without optional epoll library
[2019-02-28 20:10:34] INFO  io.lettuce.core.KqueueProvider 70 <clinit> - Starting without optional kqueue library
[2019-02-28 20:10:34] INFO  springfox.documentation.spring.web.plugins.DocumentationPluginsBootstrapper 151 start - Context refreshed
[2019-02-28 20:10:34] INFO  springfox.documentation.spring.web.plugins.DocumentationPluginsBootstrapper 154 start - Found 1 custom documentation plugin(s)
[2019-02-28 20:10:34] INFO  springfox.documentation.spring.web.scanners.ApiListingReferenceScanner 41 scan - Scanning for api listing references
[2019-02-28 20:10:35] INFO  org.springframework.scheduling.annotation.ScheduledAnnotationBeanPostProcessor 295 finishRegistration - No TaskScheduler/ScheduledExecutorService bean found for scheduled processing
[2019-02-28 20:10:35] INFO  org.springframework.boot.StartupInfoLogger 59 logStarted - Started ExceRobotMapperTest in 10.306 seconds (JVM running for 11.943)
[2019-02-28 20:10:36] INFO  org.springframework.scheduling.concurrent.ExecutorConfigurationSupport 208 shutdown - Shutting down ExecutorService 'applicationTaskExecutor'
[2019-02-28 20:10:37] INFO  com.alibaba.druid.pool.DruidDataSource 1825 close - {dataSource-1} closed
